procs -----------memory---------- ---swap-- -----io---- -system-- -------cpu-------
 r  b   swpd   free   buff  cache   si   so    bi    bo   in   cs us sy id wa st gu
 1  0      0 29129156      0 406749    0    0 8022075 1655107 543168    1  1  1 98  1  0  0
 1  0      0 27571396      0 406753    0    0     0     0 1249  235  1  2 97  0  0  0
 1  0      0 26007004      0 406753    0    0     0     0 1253  264  1  2 97  0  0  0
 1  0      0 24457772      0 406754    0    0     0   140 1340  338  1  2 97  0  0  0
 1  0      0 22916200      0 406754    0    0     0     0 1351  438  1  2 97  0  0  0
 2  0      0 21349736      0 406754    0    0     0     0 1264  267  1  2 97  0  0  0
 1  0      0 19769192      0 406754    0    0     0    32 1287  274  1  2 97  0  0  0
 1  0      0 18207080      0 406754    0    0     0     0 1356  423  1  2 97  0  0  0
 1  0      0 16659304      0 406754    0    0     0     0 1331  359  1  2 97  0  0  0
 1  0      0 15093608      0 406754    0    0     0   108 1229  265  1  2 97  0  0  0
31  0      0 14338188      0 406754    0    0     0     0 15454  637 47  1 52  0  0  0
31  0      0 14338188      0 406754    0    0     0     0 44766  337 96  1  3  0  0  0
31  0      0 14338188      0 406754    0    0     0     0 49471  651 96  1  3  0  0  0
31  0      0 14338172      0 406754    0    0     0     0 45217  494 96  1  3  0  0  0
31  0      0 14338172      0 406754    0    0     0    40 45552  626 96  1  3  0  0  0
31  0      0 14338172      0 406754    0    0     0     4 49870  598 96  1  3  0  0  0
31  0      0 14338172      0 406754    0    0     0     0 50108  606 96  1  3  0  0  0
31  0      0 14338172      0 406754    0    0     0     0 50018  298 96  1  3  0  0  0
31  0      0 14338172      0 406754    0    0     0     0 51017  594 96  1  3  0  0  0
31  0      0 14338180      0 406754    0    0     0    20 94466  485 95  1  3  0  0  0
31  0      0 14338436      0 406753    0    0     0    12 59693  671 96  1  3  0  0  0
procs -----------memory---------- ---swap-- -----io---- -system-- -------cpu-------
 r  b   swpd   free   buff  cache   si   so    bi    bo   in   cs us sy id wa st gu
31  0      0 14338436      0 406753    0    0     0     4 81984  534 95  2  3  0  0  0
31  0      0 14338436      0 406753    0    0     0     0 78554  350 95  2  3  0  0  0
31  0      0 14338436      0 406753    0    0     0     0 54243  572 96  1  3  0  0  0
31  0      0 14338436      0 406753    0    0     0     0 63760  934 96  1  3  0  0  0
19  0      0 14338432      0 406753    0    0     0     0 53720  614 82  2 16  0  0  0
17  0      0 14338432      0 406753    0    0     0    12 32388  442 52  1 47  0  0  0
17  0      0 14338432      0 406753    0    0     0     4 31952  678 52  2 47  0  0  0
10  0      0 14338432      0 406753    0    0     0     0 17129  465 36  1 63  0  0  0
 1  0      0 13596288      0 1148711    0    0     0     0 3569  428  8  2 91  0  0  0
 1  0      0 12508800      0 2236243    0    0     0     0 1130  167  1  2 97  0  0  0
 0  3      0 11833472      0 2911694    0    0     0 213028 2162  519  1  2 97  0  0  0
 1  1      0 11499648      0 3245335    0    0     0 306184 2719  728  0  2 97  1  0  0
 2  0      0 11145856      0 3599328    0    0     0 403460 3237  704  1  2 97  1  0  0
 3  0      0 10674304      0 4070684    0    0     0 459776 3589  809  1  2 97  1  0  0
 2  0      0 10182016      0 4563011    0    0     0 477192 3593  790  1  2 97  0  0  0
 2  0      0 9719168      0 5025822    0    0     0 467148 3437  629  1  2 97  1  0  0
 1  1      0 9228416      0 5516588    0    0     0 475236 3465  658  1  2 97  1  0  0
 1  1      0 8739712      0 6005438    0    0     0 475140 3499  703  1  2 97  1  0  0
 2  0      0 8248192      0 6496857    0    0     0 475140 3505  818  1  2 97  0  0  0
 1  1      0 7705728      0 7039253    0    0     0 466948 3341  588  1  2 97  0  0  0
 1  1      0 7194496      0 7550595    0    0     0 475316 3437  667  1  2 97  0  0  0
procs -----------memory---------- ---swap-- -----io---- -system-- -------cpu-------
 r  b   swpd   free   buff  cache   si   so    bi    bo   in   cs us sy id wa st gu
 1  1      0 6667124      0 8078231    0    0     0 475140 3537  691  1  2 97  0  0  0
 1  1      0 6164592      0 8580913    0    0     0 475144 3509  801  1  2 97  0  0  0
 1  1      0 5653872      0 9091663    0    0     0 475140 3380  628  1  2 97  0  0  0
 1  1      0 5157744      0 9587909    0    0     0 475140 3367  611  1  2 97  1  0  0
 1  1      0 4668016      0 10077579    0    0     0 475248 3341  595  1  2 96  0  0  0
 1  1      0 4175472      0 10570110    0    0     0 471200 3404  716  1  2 96  1  0  0
 2  0      0 3682160      0 11063351    0    0     0 471044 3365  628  1  2 96  0  0  0
 1  1      0 3182704      0 11562989    0    0     0 483332 3394  628  1  3 96  0  0  0
 1  1      0 2677352      0 12068358    0    0     0 466948 3364  605  1  2 96  0  0  0
 1  1      0 2185064      0 12560871    0    0     0 475252 3385  702  1  2 96  0  0  0
 1  1      0 1689192      0 13056598    0    0     0 475140 3369  706  1  2 96  1  0  0
 1  1      0 1199464      0 13546316    0    0     0 475140 3419  692  1  2 96  0  0  0
 1  2      0 713012      0 14033233    0    0     0 475140 3422  719  1  2 96  0  0  0
 1  1      0 231732      0 14514566    0    0     0 475236 3360  737  1  2 97  1  0  0
 1  1      0   1024      0 14745678    0    0     0 475260 3504 1180  1  2 97  0  0  0
 2  0      0   2560      0 14744093    0    0     0 467124 3421 1029  1  3 96  0  0  0
 1  1      0   3072      0 14743589    0    0     0 475140 3436 1049  1  3 97  0  0  0
 2  1      0   1536      0 14745153    0    0     0 475140 3783 1536  1  3 96  0  0  0
 1  1      0   1792      0 14745465    0    0     0 475140 3440 1010  0  3 97  0  0  0
 2  0      0    256      0 14746814    0    0     0 470300 3470 1001  1  3 96  0  0  0
 1  1      0    768      0 14746313    0    0     0 471400 3610  938  1  3 96  0  0  0
procs -----------memory---------- ---swap-- -----io---- -system-- -------cpu-------
 r  b   swpd   free   buff  cache   si   so    bi    bo   in   cs us sy id wa st gu
 1  1      0   2272      0 14746313    0    0     0 469820 3783  939  1  3 96  0  0  0
 1  0      0   2272      0 14746313    0    0     0 452264 3718  762  1  3 97  0  0  0
 1  0      0   2272      0 14746313    0    0     0     0 1111  148  1  2 97  0  0  0
 1  0      0   2272      0 14746313    0    0     0    72 1102  139  2  1 97  0  0  0
 1  0      0   2272      0 14746313    0    0     0    64 1157  251  2  1 97  0  0  0
 1  0      0   2272      0 14746313    0    0     0     0 1129  167  2  1 97  0  0  0
 2  0      0   2272      0 14746313    0    0     0  1900 1113  154  3  0 97  0  0  0
31  1      0   2020      0 14746313    0    0     0 469144 28508  839 74  6 20  0  0  0
32  1      0   2020      0 14746313    0    0     0 468568 52287  943 96  1  3  0  0  0
31  0      0   1252      0 14746316    0    0     0 268748 64208  600 95  2  3  0  0  0
31  0      0   1252      0 14746316    0    0     0    68 49324  432 96  1  3  0  0  0
31  0      0   1252      0 14746316    0    0     0     0 64799  351 95  2  3  0  0  0
31  0      0   1252      0 14746316    0    0     0     0 45134  425 96  1  3  0  0  0
31  0      0   1252      0 14746316    0    0     0     0 49896  287 96  1  3  0  0  0
31  0      0   1252      0 14746316    0    0     0     0 62944  264 96  1  3  0  0  0
31  0      0   1252      0 14746316    0    0     0    56 65998  356 95  2  3  0  0  0
31  0      0   1252      0 14746316    0    0     0    12 50549  505 96  1  3  0  0  0
31  0      0   1252      0 14746316    0    0     0     0 68789  301 95  2  3  0  0  0
31  0      0   1252      0 14746316    0    0     0     0 70799  299 95  2  3  0  0  0
31  0      0   1252      0 14746316    0    0     0     0 50096  284 96  1  3  0  0  0
31  0      0   1504      0 14746316    0    0     0     0 50018  735 96  1  3  0  0  0
procs -----------memory---------- ---swap-- -----io---- -system-- -------cpu-------
 r  b   swpd   free   buff  cache   si   so    bi    bo   in   cs us sy id wa st gu
26  0      0   1756      0 14746316    0    0     0    24 50705  552 94  1  5  0  0  0
17  0      0   1756      0 14746320    0    0     0    84 41377  464 68  1 31  0  0  0
17  0      0   1756      0 14746320    0    0     0     0 30900  301 52  1 47  0  0  0
17  0      0   1756      0 14746320    0    0     0     0 36753  393 52  1 47  0  0  0
12  0      0   1756      0 14746320    0    0     0     0 32871  289 41  1 58  0  0  0
 1  0      0   3328      0 14744731    0    0     0    12 15976  698 13  2 85  0  0  0
 1  0      0   2048      0 14745812    0    0     0    12 1129  806  1  2 97  0  0  0
 1  1      0   1536      0 14746449    0    0     0 262156 2500 1187  1  3 97  0  0  0
 2  0      0   2304      0 14745847    0    0     0 466944 3501 1319  1  2 97  0  0  0
 2  1      0   1792      0 14747083    0    0     0 466944 3790 1387  1  2 97  1  0  0
 1  2      0      0      0 14748891    0    0     0 474496 3454 1087  1  2 97  1  0  0
 1  1      0    768      0 14748106    0    0     0 475068 3467 1151  1  2 97  1  0  0
 2  0      0    768      0 14748018    0    0     0 475100 3379 1028  0  2 97  0  0  0
 1  1      0    512      0 14748137    0    0     0 467152 3565 1104  0  2 97  1  0  0
 0  2      0   1536      0 14747074    0    0     0 475752 3517 1124  0  2 97  1  0  0
 1  1      0      0      0 14748794    0    0     0 475248 3438 1279  0  2 97  1  0  0
 1  1      0   1280      0 14747580    0    0     0 467088 3380 1054  0  2 97  0  0  0
 2  1      0   1792      0 14746955    0    0     0 475140 3361 1029  0  2 97  1  0  0
 1  1      0   2048      0 14746445    0    0     0 475140 3337 1038  1  2 97  1  0  0
 2  0      0   3072      0 14745573    0    0     0 467024 3536 1255  0  2 97  1  0  0
 1  1      0   1792      0 14747015    0    0     0 475236 3390 1184  0  2 97  1  0  0
procs -----------memory---------- ---swap-- -----io---- -system-- -------cpu-------
 r  b   swpd   free   buff  cache   si   so    bi    bo   in   cs us sy id wa st gu
 2  0      0   3584      0 14745213    0    0     0 475140 3438 1039  0  2 97  1  0  0
 2  1      0   2560      0 14746168    0    0     0 475140 3361  998  1  2 97  0  0  0
 2  1      0   1792      0 14746957    0    0     0 466940 3404 1213  1  2 97  1  0  0
 1  1      0   3584      0 14745157    0    0     0 475140 3340 1045  1  2 97  1  0  0
 2  0      0    256      0 14748533    0    0     0 450672 3288 1035  0  2 97  1  0  0
 2  0      0   3328      0 14745374    0    0     0 442524 3243 1098  1  2 97  1  0  0
 1  1      0      0      0 14748642    0    0     0 483332 3412 1107  1  2 97  1  0  0
 2  1      0   1536      0 14747044    0    0     0 466948 3355 1016  1  2 97  0  0  0
 1  1      0   2048      0 14746507    0    0     0 450564 3327 1134  0  2 97  1  0  0
 2  1      0   2048      0 14746554    0    0     0 434276 3250 1133  1  2 97  1  0  0
 1  1      0    512      0 14747852    0    0     0 434180 3242 1097  1  2 97  0  0  0
 1  1      0   3328      0 14745159    0    0     0 466948 3425 1401  0  2 97  1  0  0
 0  2      0    768      0 14747652    0    0     0 450564 3359 1128  1  2 97  1  0  0
 2  0      0    512      0 14748209    0    0     0 385116 3078 1036  0  2 97  1  0  0
 1  1      0   2304      0 14746255    0    0     0 379456 3066 1051  1  2 97  1  0  0
 2  0      0    256      0 14748257    0    0     0 423484 3254  963  1  2 97  1  0  0
 0  2      0      0      0 14748433    0    0     0 471388 3599 1004  1  2 97  0  0  0
 1  1      0 9507588      0 14745391    0    0     0 470792 3663  834  0  3 97  0  0  0
 0  1      0 16921988      0 14888242    0    0 142592 12284 1771 1316  0  3 97  0  0  0
 1  0      0 16211844      0 15242802    0    0 354816     0 2330 2704  0  2 97  1  0  0
 1  0      0 15494788      0 15601010    0    0 358144     0 2392 2683  0  2 97  1  0  0
procs -----------memory---------- ---swap-- -----io---- -system-- -------cpu-------
 r  b   swpd   free   buff  cache   si   so    bi    bo   in   cs us sy id wa st gu
 1  0      0 14754436      0 15970866    0    0 369920     0 2406 2768  0  2 97  1  0  0
 1  0      0 14007940      0 16343602    0    0 372480    60 2578 3003  0  2 97  1  0  0
 1  2      0 13651328      0 16521782    0    0 178176 227084 2665 2134  0  1 97  2  0  0
 0  2      0 13403260      0 16645686    0    0 124160 298224 2945 1983  0  1 97  2  0  0
 0  2      0 13140864      0 16776758    0    0 131072 286904 2892 2108  0  1 97  2  0  0
 0  2      0 12900992      0 16896566    0    0 119552 302744 2762 1886  0  1 97  2  0  0
 1  1      0 12664152      0 17014651    0    0 118016 303024 3249 2150  0  1 97  2  0  0
 0  2      0 12424024      0 17134715    0    0 120064 298688 2787 2103  0  1 97  2  0  0
 1  2      0 12192020      0 17252432    0    0 118016 299092 2839 2023  0  1 97  2  0  0
 1  0      0 11869204      0 17413712    0    0 161280 249772 2634 2026  0  1 97  2  0  0
 1  0      0 11135252      0 17780304    0    0 366592     0 2461 2874  0  2 97  1  0  0
 1  0      0 10430228      0 18132560    0    0 352000     4 2420 2928  0  2 97  1  0  0
 0  1      0 9719828      0 18487376    0    0 355072    88 2336 2857  0  2 97  1  0  0
 1  0      0 8994580      0 18849616    0    0 361984     0 2444 2924  0  2 97  1  0  0
 0  1      0 8232980      0 19230032    0    0 380672     0 2413 2792  0  2 97  1  0  0
 0  1      0 7527444      0 19582544    0    0 352256    24 2426 2965  0  2 97  1  0  0
 1  0      0 6821140      0 19935312    0    0 353024     0 2307 2820  0  2 97  1  0  0
 0  1      0 6101268      0 20294763    0    0 359168    76 2520 3063  0  2 97  1  0  0
 1  0      0 5287188      0 20701519    0    0 407040    72 2645 2918  0  2 97  1  0  0
 1  0      0 4562452      0 21063503    0    0 361728     0 2370 2812  0  2 97  1  0  0
 1  0      0 3854868      0 21417039    0    0 353536    28 2382 2941  0  2 97  1  0  0
procs -----------memory---------- ---swap-- -----io---- -system-- -------cpu-------
 r  b   swpd   free   buff  cache   si   so    bi    bo   in   cs us sy id wa st gu
 0  1      0 3148820      0 21769563    0    0 352768     0 2414 3009  0  2 97  1  0  0
 1  0      0 2428948      0 22129231    0    0 359424     0 2391 2850  0  2 97  1  0  0
 0  1      0 1721108      0 22482767    0    0 353536     0 2372 2851  0  2 97  1  0  0
 1  0      0 1010452      0 22837695    0    0 355072     0 2333 2808  0  2 97  1  0  0
 1  0      0 140320      0 23134287    0    0 296704     0 2218 2385  0  2 97  1  0  0
 1  0      0   3840      0 22208833    0    0     0   120 1279 1022  1  2 97  0  0  0
 1  0      0   4864      0 21110208    0    0     0   144 1324 1201  1  2 97  0  0  0
 1  0      0   4608      0 20010339    0    0     0     0 1242 1147  1  2 97  0  0  0
 1  0      0   1024      0 18912616    0    0     0     0 1245 1248  1  2 97  0  0  0
 1  0      0   2304      0 17811839    0    0     0     8 1173 1121  1  2 97  0  0  0
 1  0      0   3584      0 16699618    0    0     0     4 1092  844  1  2 97  0  0  0
 1  0      0   3584      0 15592313    0    0     0    32 1131  932  1  2 97  0  0  0
 1  0      0 8315428      0 15189212    0    0 46284     0 1288  865  0  3 97  0  0  0
 2  0      0 7573028      0 15560489    0    0 370428    76 2377 2762  0  2 97  1  0  0
 0  1      0 6834468      0 15929824    0    0 368384     0 2405 2819  0  2 97  1  0  0
 1  0      0 6109220      0 16292534    0    0 361984     0 2494 2851  0  2 97  1  0  0
 1  1      0 5371684      0 16656013    0    0 362676    12 2493 3067  0  2 97  1  0  0
 1  0      0 4630052      0 17027016    0    0 370176    24 2466 3031  0  2 97  1  0  0
 1  0      0 3901476      0 17391370    0    0 363520     0 2346 2827  0  2 97  1  0  0
 0  1      0 3162660      0 17760856    0    0 368896     0 2444 2931  0  2 97  1  0  0
 1  0      0 2408484      0 18138022    0    0 376064     0 2485 2960  0  2 97  1  0  0
procs -----------memory---------- ---swap-- -----io---- -system-- -------cpu-------
 r  b   swpd   free   buff  cache   si   so    bi    bo   in   cs us sy id wa st gu
 1  0      0 1636388      0 18524188    0    0 385280    76 2542 3048  0  2 97  1  0  0
 1  0      0 901668      0 18891598    0    0 366592    12 2409 2892  0  2 97  1  0  0
 0  1      0 136228      0 19274336    0    0 381952    12 2414 2855  0  2 97  1  0  0
 0  1      0      0      0 19062648    0    0 346880     0 2429 2836  0  2 97  1  0  0
 0  1      0   1536      0 18711395    0    0 348928     0 2401 2731  0  2 97  1  0  0
 1  0      0   1024      0 18363564    0    0 347392     0 2490 2879  0  2 97  1  0  0
 1  0      0   4352      0 18020263    0    0 339456     0 2349 2730  0  2 97  1  0  0
 1  0      0   1536      0 17679761    0    0 343040     0 2444 2753  0  2 97  1  0  0
 0  1      0   1536      0 17330954    0    0 348160    12 2494 2978  0  2 97  1  0  0
 1  0      0   3328      0 16985693    0    0 342272     0 2419 2842  0  2 97  1  0  0
 0  1      0   2048      0 16632059    0    0 354304     0 2432 2766  0  2 97  1  0  0
 1  0      0   1024      0 16285390    0    0 347136     0 2591 3055  0  2 97  1  0  0
 2  0      0     84      0 15932140    0    0 353536     0 2437 2703  0  2 97  1  0  0
 1  0      0   3580      0 15567336    0    0 360448     0 2476 2715  0  2 97  1  0  0
 2  0      0   2300      0 15210544    0    0 357376    20 2419 2799  0  2 97  1  0  0
 1  0      0   2044      0 14198832    0    0 67328     0 1517 1564  1  2 97  0  0  0
 1  0      0    764      0 13031472    0    0     0     0 1110 1060  1  2 97  0  0  0
 1  0      0   2556      0 11868976    0    0     0     0 1151 1081  1  2 97  0  0  0
 1  0      0   1532      0 10707248    0    0     0     0 1092 1125  1  2 97  0  0  0
 1  0      0   2044      0 9550384    0    0     0    20 1147 1340  1  2 97  0  0  0
 1  0      0   1788      0 8399664    0    0     0     4 1118 1375  1  2 97  0  0  0
procs -----------memory---------- ---swap-- -----io---- -system-- -------cpu-------
 r  b   swpd   free   buff  cache   si   so    bi    bo   in   cs us sy id wa st gu
 1  0      0    508      0 7274055    0    0     0     0 1395 1795  1  2 97  0  0  0
 1  0      0 8354716      0 6738835    0    0     0     0 1347  807  0  3 97  0  0  0
 1  0      0 7182488      0 6738835    0    0     0     0 1312  350  1  2 97  0  0  0
 1  0      0 5943684      0 6738834    0    0     0     0 1243  328  1  2 97  0  0  0
 1  0      0 4697476      0 6738834    0    0     0    24 1166  236  1  2 97  0  0  0
 1  0      0 3448708      0 6738834    0    0     0     4 1140  197  1  2 97  0  0  0
 1  0      0 2195076      0 6738834    0    0     0     0 1151  248  1  2 97  0  0  0
 1  0      0 939908      0 6738834    0    0     0     0 1099  158  1  2 97  0  0  0
 1  0      0    256      0 6470499    0    0     0     0 1115  376  1  2 97  0  0  0
 1  0      0   1276      0 5400202    0    0     0     0 1163 1238  1  2 97  0  0  0
 1  0      0   1280      0 4339751    0    0     0   100 1247 1498  1  2 97  0  0  0
 2  0      0    216      0 3286467    0    0     0     4 1130 1522  1  2 97  0  0  0
 1  0      0    252      0 2264159    0    0     0     0 1218 1469  1  2 97  0  0  0
 1  0      0    256      0 1256008    0    0     0     0 1360 1725  1  2 97  0  0  0
 1  0      0      0      0 308341    0    0     0     0 1393 1653  1  2 97  0  0  0
 2  0      0     76      0  47081    0    0 96560    16 2062 2866  0  2 97  1  0  0
 1  0      0      0      0  46890    0    0 79332    16 2714 18628  0  2 97  1  0  0
 1  0      0 11366196      0  46882    0    0  2212     4 2195 9244  0  3 97  0  0  0
 1  0      0 28248844      0  46882    0    0     0     0 1164  256  0  3 97  0  0  0
 0  0      0 31912360      0  46882    0    0     0     0  466  354  0  1 99  0  0  0
 0  0      0 31911904      0  46882    0    0     0     0  242  223  0  0 100  0  0  0
