rocs -----------memory---------- ---swap-- -----io---- -system-- -------cpu-------
 r  b   swpd   free   buff  cache   si   so    bi    bo   in   cs us sy id wa st gu
 1  0      0 27364924      0 406777    0    0 16680909 4699177 1162919    1  1  1 97  1  0  0
 1  0      0 25781564      0 406781    0    0     0     0 1281  453  1  2 97  0  0  0
 1  0      0 24247612      0 406781    0    0     0   124 1359  419  1  2 97  0  0  0
 1  0      0 22679612      0 406781    0    0     0     4 1346  558  1  2 97  0  0  0
 1  0      0 21090620      0 406781    0    0     0     0 1282  376  1  2 97  0  0  0
32  0      0 20115836      0 406781    0    0     0     0 12734  540 37  1 61  0  0  0
32  0      0 20115836      0 406781    0    0     0    36 52044  765 99  1  0  0  0  0
32  0      0 20115840      0 406781    0    0     0    36 55938  549 99  1  0  0  0  0
32  0      0 20115840      0 406781    0    0     0     0 57768 1022 99  1  0  0  0  0
32  0      0 20115840      0 406781    0    0     0     4 55348  608 99  1  0  0  0  0
32  0      0 20115840      0 406781    0    0     0     0 49209  682 99  1  0  0  0  0
32  0      0 20115840      0 406781    0    0     0     0 54245  510 99  1  0  0  0  0
32  0      0 20115840      0 406781    0    0     0     8 55258  487 99  1  0  0  0  0
32  0      0 20115840      0 406781    0    0     0    92 54819  698 99  1  0  0  0  0
19  0      0 20116092      0 406781    0    0     0     0 43092  758 88  1 11  0  0  0
16  0      0 20116092      0 406781    0    0     0     4 29849  283 49  1 50  0  0  0
 3  0      0 20116092      0 406781    0    0     0     8 17406  300 37  1 62  0  0  0
 1  0      0 19101564      0 1421466    0    0     0     0 2212  242  4  2 94  0  0  0
 1  0      0 17943932      0 2579018    0    0     0    24 1206  292  1  2 97  0  0  0
 1  1      0 16857980      0 3665028    0    0     0 69636 1461  292  1  2 97  0  0  0
 1  1      0 16119164      0 4403807    0    0     0 459780 3314  654  1  2 97  1  0  0
procs -----------memory---------- ---swap-- -----io---- -system-- -------cpu-------
 r  b   swpd   free   buff  cache   si   so    bi    bo   in   cs us sy id wa st gu
 1  1      0 15854716      0 4668510    0    0     0 465920 3213  641  0  2 97  1  0  0
 3  0      0 15485564      0 5037663    0    0     0 462856 3283  710  0  2 97  1  0  0
 2  1      0 15009148      0 5514118    0    0     0 467044 3276  586  1  2 97  1  0  0
 1  1      0 14520948      0 6002587    0    0     0 467016 3381  794  1  2 97  1  0  0
 1  1      0 14054016      0 6469384    0    0     0 466948 3273  617  1  2 97  1  0  0
 2  2      0 13563008      0 6960471    0    0     0 466948 3300  670  1  2 97  0  0  0
 0  2      0 13019776      0 7503676    0    0     0 466948 3304  573  1  2 97  0  0  0
 1  2      0 12489856      0 8033560    0    0     0 467048 3289  607  1  2 97  0  0  0
 1  1      0 11966592      0 8556809    0    0     0 458756 3541  998  1  2 97  0  0  0
 1  1      0 11468672      0 9054792    0    0     0 466948 3437  769  1  2 97  0  0  0
 1  1      0 10982240      0 9541689    0    0     0 450564 3260  608  1  2 97  0  0  0
 1  1      0 10471520      0 10052319    0    0     0 466948 3321  605  1  2 97  0  0  0
 1  1      0 10000224      0 10523750    0    0     0 458872 3282  619  1  2 97  0  0  0
 2  1      0 9523040      0 11000813    0    0     0 458924 3355  819  1  2 97  0  0  0
 1  1      0 9043808      0 11480009    0    0     0 458756 3258  619  1  2 97  0  0  0
 2  1      0 8780896      0 11743139    0    0     0 458856 3350  661  1  2 97  0  0  0
 1  1      0 8780896      0 11743139    0    0     0 450564 3359  600  2  1 97  0  0  0
 2  0      0 8780896      0 11743139    0    0     0 442492 3402  743  1  2 97  0  0  0
 1  0      0 8780896      0 11743139    0    0     0 208896 2223  424  1  2 97  0  0  0
 2  0      0 8780896      0 11743139    0    0     0     0 1118  172  1  2 97  0  0  0
 1  0      0 8780896      0 11743139    0    0     0    88 1124  155  2  1 97  0  0  0
procs -----------memory---------- ---swap-- -----io---- -system-- -------cpu-------
 r  b   swpd   free   buff  cache   si   so    bi    bo   in   cs us sy id wa st gu
 1  0      0 8780896      0 11743143    0    0     0     0 1201  261  2  1 97  0  0  0
32  0      0 8780896      0 11743143    0    0     0     0 39580  629 67  1 32  0  0  0
32  1      0 8780896      0 11743143    0    0     0 28832 76305  852 98  2  0  0  0  0
32  1      0 8780508      0 11743143    0    0     0 450560 51441 1223 99  1  0  0  0  0
33  1      0 8780264      0 11743143    0    0     0 450560 124344 1503 98  2  0  0  0  0
33  1      0 8780264      0 11743143    0    0     0 450560 36767 1242 100  0  0  0  0  0
32  1      0 8780264      0 11743143    0    0     0 450640 35493 1208 100  0  0  0  0  0
32  0      0 8780264      0 11743143    0    0     0 139260 115706  732 97  3  0  0  0  0
32  0      0 8780264      0 11743143    0    0     0   100 32661  500 100  0  0  0  0  0
32  0      0 8780264      0 11743143    0    0     0     0 85163  566 98  2  0  0  0  0
18  0      0 8780264      0 11743143    0    0     0     0 50827  356 83  1 16  0  0  0
 9  0      0 8780264      0 11743143    0    0     0     0 17289  248 51  0 49  0  0  0
 1  0      0 8352744      0 12170493    0    0     0     0 9695  508 15  2 83  0  0  0
 1  0      0 7261664      0 13262342    0    0     0   100 1298  260  1  2 97  0  0  0
 1  0      0 6341856      0 14182244    0    0     0     0 1104  147  1  2 97  0  0  0
 2  0      0 5497824      0 15026249    0    0     0 105480 1685  407  1  2 97  0  0  0
 3  0      0 4517344      0 16006302    0    0     0 464900 3544  806  1  2 97  0  0  0
 0  2      0 4116448      0 16407670    0    0     0 467976 3313  661  0  2 97  1  0  0
 2  1      0 3692768      0 16831327    0    0     0 460880 3305  632  1  2 97  1  0  0
 1  1      0 3261152      0 17262843    0    0     0 467000 3181  639  1  2 97  1  0  0
 1  1      0 2815968      0 17708182    0    0     0 466948 3266  693  1  2 97  1  0  0
procs -----------memory---------- ---swap-- -----io---- -system-- -------cpu-------
 r  b   swpd   free   buff  cache   si   so    bi    bo   in   cs us sy id wa st gu
 1  1      0 2353376      0 18170698    0    0     0 466948 3226  603  0  2 97  1  0  0
 2  0      0 1886176      0 18637966    0    0     0 458756 3205  698  0  2 97  1  0  0
 1  1      0 1415136      0 19108932    0    0     0 467068 3322  678  1  2 97  1  0  0
 1  1      0 941784      0 19582526    0    0     0 458756 3296  698  1  2 97  1  0  0
 0  2      0 474328      0 20050051    0    0     0 458752 3323 1017  0  2 97  1  0  0
 1  2      0   4056      0 20520159    0    0     0 466952 3258  725  1  2 97  1  0  0
 2  1      0   1280      0 20523507    0    0     0 466948 3322 1055  0  2 97  1  0  0
 2  0      0   1024      0 20523668    0    0     0 459100 3386 1092  0  2 97  1  0  0
 1  1      0    768      0 20524190    0    0     0 475140 3330  960  0  2 97  1  0  0
 3  0      0   2048      0 20522189    0    0     0 458756 3261  961  0  2 97  1  0  0
 2  0      0   3328      0 20521706    0    0     0 466948 3313  959  1  2 97  1  0  0
 1  1      0   2572      0 20522304    0    0     0 466948 3568 1094  2  1 97  1  0  0
 2  0      0   2572      0 20522304    0    0     0 458868 3499  771  2  1 97  0  0  0
 2  0      0   2572      0 20522304    0    0     0 452612 3509  669  2  1 97  0  0  0
 1  0      0   2572      0 20522304    0    0     0 239612 2369  397  2  1 97  0  0  0
 1  0      0   2572      0 20522304    0    0     0     0 1207  364  2  2 97  0  0  0
32  0      0   2596      0 20522304    0    0     0     0 41733  541 41  5 54  0  0  0
32  0      0   2596      0 20522304    0    0     0    84 227801  719 94  6  0  0  0  0
32  0      0   2596      0 20522304    0    0     0   196 32475  651 100  0  0  0  0  0
32  1      0   2596      0 20522304    0    0     0 128008 134335 1178 97  3  0  0  0  0
32  1      0   2596      0 20522304    0    0     0 463868 55870 1350 99  1  0  0  0  0
procs -----------memory---------- ---swap-- -----io---- -system-- -------cpu-------
 r  b   swpd   free   buff  cache   si   so    bi    bo   in   cs us sy id wa st gu
32  1      0   2340      0 20522308    0    0     0 460784 190556 1511 94  6  0  0  0  0
33  0      0   2332      0 20522310    0    0     0 450580 187584 1571 94  6  0  0  0  0
32  0      0   2332      0 20522310    0    0     0 352252 154182 1232 94  6  0  0  0  0
32  0      0   2332      0 20522310    0    0     0    92 32351  332 100  0  0  0  0  0
32  0      0   2332      0 20522310    0    0     0     0 77224  331 98  2  0  0  0  0
16  0      0   2332      0 20522310    0    0     0     0 41404  382 73  1 26  0  0  0
 1  0      0   2816      0 20521583    0    0     0     0 11186  552 29  1 70  0  0  0
 1  0      0   2304      0 20521698    0    0     0     0 1099  702  1  2 97  0  0  0
 1  0      0   3584      0 20520382    0    0     0    92 1115  719  1  2 97  0  0  0
 1  0      0   4352      0 20519856    0    0     0     0 1136  828  1  2 97  0  0  0
 2  0      0   4096      0 20520595    0    0     0 458764 3561 1536  1  2 97  0  0  0
 1  1      0   2048      0 20522810    0    0     0 442372 3189 1031  0  2 97  1  0  0
 2  0      0   1280      0 20522240    0    0     0 466948 3279  948  0  2 97  1  0  0
 1  1      0   3328      0 20521247    0    0     0 467040 3277  931  1  2 97  1  0  0
 1  1      0    768      0 20524251    0    0     0 458824 3277 1036  0  2 97  1  0  0
 1  1      0      0      0 20524521    0    0     0 466948 3313  998  0  2 97  1  0  0
 2  1      0   1024      0 20523565    0    0     0 466948 3310  966  1  2 97  1  0  0
 1  1      0   2816      0 20521963    0    0     0 466948 3295  954  0  3 94  2  0  0
 3  0      0   3840      0 20520951    0    0     0 467044 3383 1050  1  3 94  3  0  0
 1  1      0   3840      0 20520719    0    0     0 466948 3324  964  1  3 94  3  0  0
 2  1      0   3072      0 20521804    0    0     0 458756 3315  996  1  3 94  3  0  0
procs -----------memory---------- ---swap-- -----io---- -system-- -------cpu-------
 r  b   swpd   free   buff  cache   si   so    bi    bo   in   cs us sy id wa st gu
 1  1      0   4096      0 20521149    0    0     0 466948 3296  949  1  3 94  3  0  0
 2  1      0   2304      0 20522852    0    0     0 466948 3375 1028  1  3 94  3  0  0
 1  1      0   1280      0 20523806    0    0     0 458876 3333 1070  1  3 94  3  0  0
 1  1      0   3328      0 20521696    0    0     0 467192 3362 1098  1  3 94  3  0  0
 1  1      0   4096      0 20520617    0    0     0 466944 3381 1009  1  3 94  3  0  0
 3  0      0   4608      0 20520475    0    0     0 466952 3423  938  1  3 94  3  0  0
 1  1      0   4608      0 20520475    0    0     0 450564 3362  591  2  2 94  2  0  0
 1  1      0   4608      0 20520475    0    0     0 442464 3330  643  3  1 94  2  0  0
33  1      0   4608      0 20520475    0    0     0 448540 18136 1578 46  2 51  1  0  0
32  0      0   4608      0 20520475    0    0     0 14308 70589  976 99  1  0  0  0  0
32  0      0   4608      0 20520475    0    0     0     0 120439  677 97  3  0  0  0  0
32  0      0   4608      0 20520475    0    0     0     0 67518  573 99  1  0  0  0  0
32  0      0   4608      0 20520475    0    0     0    72 222084  406 95  5  0  0  0  0
32  0      0   4860      0 20520475    0    0     0   132 32570  592 100  0  0  0  0  0
33  1      0   5116      0 20520474    0    0     0 232456 104883 1659 97  2  0  0  0  0
32  1      0   5116      0 20520474    0    0     0 465572 109317 2572 98  1  0  0  0  0
33  0      0   5120      0 20520474    0    0     0 461144 171780 2406 94  5  0  0  0  0
28  1      0   5120      0 20520474    0    0     0 466944 34712 2280 98  0  2  0  0  0
16  0      0   5120      0 20520474    0    0     0 147484 113695  634 58  4 38  0  0  0
 1  0      0    256      0 20525346    0    0     0    76 13057  543 35  1 64  0  0  0
 1  0      0   4608      0 20520767    0    0     0     0 1189  869  1  3 97  0  0  0
procs -----------memory---------- ---swap-- -----io---- -system-- -------cpu-------
 r  b   swpd   free   buff  cache   si   so    bi    bo   in   cs us sy id wa st gu
 1  0      0      0      0 20525581    0    0     0     0 1127  813  1  2 97  0  0  0
 1  0      0    768      0 20524901    0    0     0     0 1238 1139  1  2 97  0  0  0
 1  1      0   1024      0 20524568    0    0     0 393228 3148 1247  1  2 97  0  0  0
 0  2      0   4096      0 20521551    0    0     0 458876 3384 1165  1  2 97  0  0  0
 1  1      0   2816      0 20522784    0    0     0 466948 3269 1040  0  2 97  1  0  0
 0  2      0      0      0 20525566    0    0     0 458756 3286  949  0  2 97  1  0  0
 2  1      0    256      0 20525335    0    0     0 466948 3255  946  0  2 94  3  0  0
 1  1      0   2560      0 20522916    0    0     0 466948 3239  905  1  3 94  3  0  0
 2  0      0      0      0 20525671    0    0     0 458848 3415 1319  1  3 94  3  0  0
 2  0      0   3584      0 20521938    0    0     0 467060 3371 1074  1  3 94  3  0  0
 1  1      0    256      0 20525482    0    0     0 466948 3362  923  1  3 94  3  0  0
 1  1      0   2048      0 20523400    0    0     0 466948 3412  963  1  3 94  2  0  0
 1  1      0   3328      0 20521815    0    0     0 458756 3346 1020  1  3 94  3  0  0
 3  1      0    768      0 20524551    0    0     0 467048 3371 1007  1  3 94  3  0  0
 1  2      0   4352      0 20520961    0    0     0 466948 3352 1091  1  3 94  3  0  0
 1  1      0   4608      0 20520728    0    0     0 458756 3254  938  0  3 94  3  0  0
 1  1      0      0      0 20525402    0    0     0 465064 3447 1047  0  3 94  3  0  0
 1  1      0   3328      0 20522053    0    0     0 467816 3384  951  0  3 94  3  0  0
 1  1      0   1792      0 20523648    0    0     0 467468 3562  992  1  2 94  3  0  0
 1  1      0   1792      0 20523648    0    0     0 459508 3535  593  3  1 94  2  0  0
 2  0      0   1792      0 20523648    0    0     0 442372 3409  729  2  1 94  2  0  0
procs -----------memory---------- ---swap-- -----io---- -system-- -------cpu-------
 r  b   swpd   free   buff  cache   si   so    bi    bo   in   cs us sy id wa st gu
32  1      0   1792      0 20523648    0    0     0 458756 34322 1129 58  1 40  1  0  0
32  0      0   1792      0 20523648    0    0     0 45052 77000  455 98  2  0  0  0  0
32  0      0   1544      0 20523648    0    0     0    80 140820 1355 97  3  0  0  0  0
33  0      0   1544      0 20523648    0    0     0     0 114609  572 98  2  0  0  0  0
32  0      0   1544      0 20523648    0    0     0     0 78386  367 99  1  0  0  0  0
32  0      0   1544      0 20523648    0    0     0     0 158219  550 97  3  0  0  0  0
32  1      0   1544      0 20523648    0    0     0 372740 68112 1219 99  1  0  0  0  0
32  1      0   1544      0 20523648    0    0     0 442432 103178 1484 99  1  0  0  0  0
32  1      0   1544      0 20523648    0    0     0 450740 162058 1140 97  3  0  0  0  0
28  0      0   1544      0 20523648    0    0     0 450560 114735 1168 95  2  3  0  0  0
10  0      0   1544      0 20523648    0    0     0 65532 92264  364 57  2 41  0  0  0
 1  0      0   3840      0 20521305    0    0     0     0 6265  671 16  1 83  0  0  0
 1  0      0   2048      0 20522987    0    0     0    68 1135  770  1  2 97  0  0  0
 1  0      0   3840      0 20521193    0    0     0     0 1164  832  1  2 97  0  0  0
 1  1      0   2560      0 20522592    0    0     0 135172 1785  893  1  2 97  0  0  0
 1  1      0   2048      0 20523137    0    0     0 454664 3500 1340  1  2 97  0  0  0
 1  1      0   2304      0 20522893    0    0     0 466948 3235  939  0  2 97  1  0  0
 2  1      0   4864      0 20520246    0    0     0 467204 3472 1097  1  2 97  1  0  0
 2  0      0   3328      0 20521164    0    0     0 466948 3314  936  1  2 97  0  0  0
 1  1      0   4864      0 20519810    0    0     0 458756 3358 1019  1  2 97  0  0  0
 2  1      0   2048      0 20522088    0    0     0 466948 3323  914  1  2 97  0  0  0
procs -----------memory---------- ---swap-- -----io---- -system-- -------cpu-------
 r  b   swpd   free   buff  cache   si   so    bi    bo   in   cs us sy id wa st gu
 1  1      0   2560      0 20522179    0    0     0 458756 3295  951  1  2 97  1  0  0
 1  1      0   1280      0 20523347    0    0     0 467056 3312 1006  0  2 97  1  0  0
 2  1      0   4352      0 20519870    0    0     0 466948 3336 1058  0  2 97  1  0  0
 2  1      0   1280      0 20523252    0    0     0 467040 3304  971  0  2 97  1  0  0
 3  0      0   3584      0 20521284    0    0     0 458756 3282  948  0  2 97  1  0  0
 1  1      0   2304      0 20522650    0    0     0 466948 3239  931  0  2 97  1  0  0
 1  1      0    512      0 20524299    0    0     0 467080 3394 1144  0  2 97  1  0  0
 0  2      0   4096      0 20520620    0    0     0 467124 3315  974  0  2 97  1  0  0
 2  0      0   3328      0 20521283    0    0     0 459808 3389  931  1  2 97  1  0  0
 2  1      0    512      0 20524281    0    0     0 461504 3368  916  1  2 97  1  0  0
 2  1      0   3824      0 20521822    0    0     0 470108 3775  914  2  1 97  0  0  0
 1  1      0   3824      0 20521822    0    0     0 451896 3487  662  3  0 97  0  0  0
 2  0      0   3824      0 20521822    0    0     0 450564 3410  665  2  1 97  0  0  0
32  0      0   3824      0 20521822    0    0     0 315388 24325  931 70  0 30  0  0  0
32  0      0   3824      0 20521822    0    0     0     0 73255  766 98  2  0  0  0  0
32  0      0   3824      0 20521822    0    0     0     0 101061  291 98  2  0  0  0  0
32  0      0   3628      0 20521822    0    0     0     0 49241  658 99  1  0  0  0  0
32  0      0   3628      0 20521822    0    0     0   172 32355  436 100  0  0  0  0  0
32  1      0   3628      0 20521822    0    0     0 45064 87744  828 99  1  0  0  0  0
33  0      0   3628      0 20521822    0    0     0 466944 67316 2947 99  1  0  0  0  0
32  1      0   3628      0 20521822    0    0     0 458752 35187 2609 100  0  0  0  0  0
procs -----------memory---------- ---swap-- -----io---- -system-- -------cpu-------
 r  b   swpd   free   buff  cache   si   so    bi    bo   in   cs us sy id wa st gu
32  1      0   3628      0 20521822    0    0     0 466944 166008 2340 97  3  0  0  0  0
28  0      0   3628      0 20521822    0    0     0 327676 34528 2090 98  0  2  0  0  0
 1  0      0   3328      0 20522129    0    0     0   180 15653  455 44  0 56  0  0  0
 2  0      0      0      0 20525384    0    0     0     0 1097  698  1  2 97  0  0  0
 1  0      0   1024      0 20524405    0    0     0     0 1099  698  1  2 97  0  0  0
 1  0      0      0      0 20525633    0    0     0     0 1296  978  1  2 97  0  0  0
 1  1      0   1536      0 20524020    0    0     0 425988 3374 1293  1  2 97  0  0  0
 2  1      0   4352      0 20521293    0    0     0 458908 3327 1077  1  3 94  3  0  0
 1  1      0   4608      0 20521066    0    0     0 466948 3288  938  0  3 94  3  0  0
 2  1      0   2560      0 20522859    0    0     0 466948 3341 1030  1  3 94  3  0  0
 1  2      0    768      0 20524759    0    0     0 466948 3359  984  1  3 94  3  0  0
 2  0      0    768      0 20524788    0    0     0 458756 3269  932  0  3 94  3  0  0
 1  1      0    512      0 20525014    0    0     0 467048 3365 1078  1  3 94  3  0  0
 2  1      0   4608      0 20521042    0    0     0 466948 3443 1065  1  3 94  3  0  0
 1  1      0   4096      0 20521658    0    0     0 466592 3398 1014  0  3 94  3  0  0
 3  0      0   4096      0 20521610    0    0     0 459112 3528 1071  0  3 94  3  0  0
 1  1      0    512      0 20525533    0    0     0 467972 3454  969  0  3 94  3  0  0
 2  0      0   3840      0 20522206    0    0     0 474376 3660 1158  0  3 94  3  0  0
 2  0      0   3072      0 20522386    0    0     0 458756 3462 1077  0  3 94  3  0  0
 1  1      0   3328      0 20522455    0    0     0 466948 3269  940  0  3 94  3  0  0
 0  2      0      0      0 20525777    0    0     0 467040 3376 1038  1  3 94  3  0  0
procs -----------memory---------- ---swap-- -----io---- -system-- -------cpu-------
 r  b   swpd   free   buff  cache   si   so    bi    bo   in   cs us sy id wa st gu
 1  2      0   1280      0 20524434    0    0     0 454772 3280 1035  1  3 94  3  0  0
 1  1      0 2657012      0 20524997    0    0     0 454664 3335 1008  0  3 94  2  0  0
 0  2      0 11385412      0 20545478    0    0 20480 434232 3297  806  0  3 97  0  0  0
 0  1      0 10677828      0 20898838    0    0 353280 12284 2398 2567  0  2 97  1  0  0
 1  0      0 9934716      0 21269962    0    0 371200    76 2502 2814  0  2 97  1  0  0
 0  1      0 9192608      0 21640719    0    0 370432    68 2911 2916  0  2 96  1  0  0
 2  0      0 8282272      0 21901583    0    0 261120   152 2038 1885  0  2 97  1  0  0
 0  1      0 8573228      0 21950223    0    0 48384   156 1304  517  1  2 97  0  0  0
 0  2      0 8058668      0 22207247    0    0 257280 135180 2432 2316  0  1 97  2  0  0
 1  1      0 7833644      0 22319631    0    0 112128 303104 2533 1628  0  1 97  2  0  0
 1  1      0 7610412      0 22431091    0    0 111616 303208 2507 1618  0  1 97  2  0  0
 1  1      0 7379500      0 22546447    0    0 115200 294912 2501 1644  0  1 97  2  0  0
 0  2      0 7156524      0 22657807    0    0 111616 303104 2537 1671  0  1 97  2  0  0
 0  2      0 6935084      0 22768399    0    0 110592 294912 2450 1560  0  1 97  2  0  0
 1  1      0 6712972      0 22881254    0    0 112896 303184 2740 1908  0  1 97  2  0  0
 1  1      0 6487436      0 22993894    0    0 112384 303304 2493 1630  0  1 97  2  0  0
 1  2      0 6261388      0 23106790    0    0 113152 303104 2505 1703  0  1 97  2  0  0
 1  0      0 5755276      0 23278053    0    0 171264 172032 2300 1720  0  1 97  2  0  0
 1  0      0 5486636      0 23278053    0    0     0     0 1107  142  1  2 97  0  0  0
 1  0      0 5199660      0 23637221    0    0 359168   136 2435 2709  0  2 97  1  0  0
 1  0      0 4464684      0 24004325    0    0 367104    48 2453 2751  0  2 97  1  0  0
procs -----------memory---------- ---swap-- -----io---- -system-- -------cpu-------
 r  b   swpd   free   buff  cache   si   so    bi    bo   in   cs us sy id wa st gu
 1  0      0 3708460      0 24382181    0    0 377856     0 2431 2727  0  2 97  1  0  0
 1  0      0 2774828      0 24654565    0    0 272384     0 2072 1960  0  2 97  1  0  0
 0  1      0 3044536      0 24713957    0    0 59136     0 1305  557  1  2 97  0  0  0
 1  0      0 2294200      0 25088741    0    0 375040     0 2505 2811  0  2 97  1  0  0
 1  0      0 1535160      0 25467941    0    0 379136    36 2571 2799  0  2 97  1  0  0
 2  0      0 784056      0 25843173    0    0 375296    12 2466 2740  0  2 97  1  0  0
 2  0      0   2816      0 25860798    0    0 187904     0 1866 1614  1  2 97  1  0  0
 1  0      0 1235340      0 25129904    0    0 73472     0 1457 1183  1  2 97  0  0  0
 0  1      0 468620      0 25512880    0    0 382976     0 2503 2799  0  2 97  1  0  0
 0  1      0   1536      0 25610196    0    0 368896     0 2676 2774  0  2 97  1  0  0
 2  0      0   4608      0 25251930    0    0 355072     0 2482 2619  0  2 97  1  0  0
 1  0      0    768      0 24566983    0    0 196096    12 1858 1860  0  2 97  1  0  0
 1  0      0 1160260      0 23678565    0    0     0     0 1109  592  1  2 97  0  0  0
 1  0      0      0      0 23314049    0    0     0     0 1138  384  0  3 97  0  0  0
 1  0      0 1321488      0 22299130    0    0     0     0 1096  672  1  2 97  0  0  0
 1  0      0   4248      0 22299130    0    0     0     0 1162  253  1  2 97  0  0  0
 1  0      0   2048      0 21216096    0    0     0     0 1218 1029  1  2 97  0  0  0
 1  0      0   2816      0 20075745    0    0     0    12 1103  753  1  2 97  0  0  0
 1  0      0   1280      0 18934837    0    0     0     0 1155  857  1  2 97  0  0  0
 1  0      0   1792      0 17793205    0    0     0     0 1164  922  1  2 97  0  0  0
 1  0      0   1792      0 16634376    0    0     0     0 1101  867  1  2 97  0  0  0
procs -----------memory---------- ---swap-- -----io---- -system-- -------cpu-------
 r  b   swpd   free   buff  cache   si   so    bi    bo   in   cs us sy id wa st gu
 1  0      0    512      0 15474858    0    0     0     0 1095  886  1  2 97  0  0  0
 1  0      0   3328      0 14399663    0    0     0     4 1101  896  1  2 97  0  0  0
 1  0      0   1280      0 13382905    0    0     0    12 1213 1194  1  2 97  0  0  0
 1  0      0    256      0 12381664    0    0     0     0 1120  952  1  2 97  0  0  0
 1  0      0   2304      0 11327035    0    0     0     0 1099 1021  1  2 97  0  0  0
 1  0      0   1792      0 10271356    0    0     0     0 1095 1104  1  2 97  0  0  0
 1  0      0   1024      0 9228299    0    0     0     0 1171 1276  1  2 97  0  0  0
 1  0      0      0      0 8180808    0    0     0     0 1167 1332  1  2 97  0  0  0
 1  0      0   1536      0 7137450    0    0     0    12 1103 1148  1  2 97  0  0  0
 1  0      0    252      0 7133224    0    0     0 335880 2878 1499  0  4 95  2  0  0
 2  0      0    180      0 7133397    0    0     0 360452 2991 1567  0  4 94  2  0  0
 1  1      0    764      0 7132705    0    0     0 475140 3342 1316  0  3 94  3  0  0
 1  1      0    764      0 7132766    0    0     0 466948 3347 1329  0  3 94  3  0  0
 0  2      0    764      0 7132948    0    0     0 458872 3323 1252  0  3 94  3  0  0
 1  1      0    160      0 7133652    0    0     0 466952 3428 1288  0  3 94  3  0  0
 0  2      0    252      0 7133375    0    0     0 466948 3335 1171  0  3 94  3  0  0
 2  1      0    252      0 7133413    0    0     0 466948 3341 1207  0  3 94  3  0  0
 1  1      0    252      0 7133617    0    0     0 458756 3557 1475  0  3 94  3  0  0
 2  2      0    184      0 7133856    0    0     0 467052 3436 1313  0  3 94  3  0  0
 1  1      0    144      0 7133922    0    0     0 467112 3346 1213  0  3 94  3  0  0
 0  2      0    144      0 7133880    0    0     0 466948 3352 1208  0  3 94  3  0  0
procs -----------memory---------- ---swap-- -----io---- -system-- -------cpu-------
 r  b   swpd   free   buff  cache   si   so    bi    bo   in   cs us sy id wa st gu
 2  0      0   1280      0 7132819    0    0     0 458756 3367 1084  0  3 94  3  0  0
 2  1      0   1280      0 7132785    0    0     0 466948 3460 1199  0  3 94  3  0  0
 2  2      0    768      0 7133447    0    0     0 467060 3352 1055  0  3 94  3  0  0
 0  1      0 8273188      0 7133761    0    0  1024 380928 3098  836  0  3 94  2  0  0
 1  0      0 7511588      0 7514177    0    0 380160     0 2493 2876  0  2 97  1  0  0
 1  1      0 6756144      0 7891521    0    0 377600     0 2493 2809  0  2 97  1  0  0
 1  0      0 6038064      0 8250177    0    0 358656    80 2376 2698  0  2 97  1  0  0
 1  0      0 5519664      0 8508993    0    0 259072     0 2016 1930  1  1 97  1  0  0
 1  1      0 6685116      0 8615986    0    0 106496 45236 1621  996  1  1 97  1  0  0
 1  2      0 6450620      0 8733246    0    0 117248 294912 2517 1678  0  1 97  2  0  0
 0  2      0 6222268      0 8847429    0    0 113920 303104 2481 1613  0  1 97  2  0  0
 1  1      0 5996164      0 8960533    0    0 112644 303104 2992 2414  0  1 97  2  0  0
 0  1      0 5554324      0 9181571    0    0 220672 180224 2541 2127  0  1 97  2  0  0
 2  0      0 4798100      0 9559765    0    0 377088     0 2478 2815  0  2 97  1  0  0
 1  0      0 4139924      0 9888710    0    0 328448    84 2240 2575  0  2 97  1  0  0
 1  0      0 5321760      0 9987496    0    0 98304     0 1472  848  1  1 97  0  0  0
 0  1      0 4566048      0 10365385    0    0 377344     0 2415 2802  0  2 97  1  0  0
 0  1      0 3812640      0 10741705    0    0 376320   164 2484 2904  0  2 97  1  0  0
 1  0      0 3051296      0 11122121    0    0 380160     0 2430 2744  0  2 97  1  0  0
 1  1      0 4071792      0 11301321    0    0 179200    68 1800 1524  1  1 97  1  0  0
 1  0      0 3328916      0 11672369    0    0 370944    24 2469 2665  0  2 97  1  0  0
procs -----------memory---------- ---swap-- -----io---- -system-- -------cpu-------
 r  b   swpd   free   buff  cache   si   so    bi    bo   in   cs us sy id wa st gu
 1  0      0 2581144      0 12046025    0    0 373760     0 2431 2775  0  2 97  1  0  0
 1  0      0 1839000      0 12416713    0    0 370688     0 2404 2667  0  2 97  1  0  0
 1  0      0 1386136      0 12642761    0    0 226304     0 1888 1680  1  1 97  1  0  0
 1  0      0 2086280      0 12982216    0    0 339200     0 2550 2656  0  2 97  1  0  0
 1  0      0 1333896      0 13358024    0    0 375808    12 2493 2782  0  2 97  1  0  0
 0  1      0 580232      0 13734600    0    0 376832    28 2478 2778  0  2 97  1  0  0
 1  0      0  10376      0 14019020    0    0 284416     0 2213 2102  1  1 97  1  0  0
 1  0      0 823320      0 14302156    0    0 282880   240 2130 2124  0  2 97  1  0  0
 0  1      0  77592      0 14674636    0    0 372736    16 2434 2821  0  2 97  1  0  0
 1  0      0   2304      0 14389074    0    0 360960     0 2611 2840  0  2 97  1  0  0
 1  0      0   2816      0 14033730    0    0 353280    12 2519 2714  0  2 97  1  0  0
 1  0      0 1380184      0 14028919    0    0  6656     0 1121  209  2  1 97  0  0  0
 1  0      0 1380184      0 14028919    0    0     0     0 1144  239  3  0 97  0  0  0
 1  0      0 1107032      0 14028919    0    0     0    28 1278  645  3  0 97  0  0  0
 1  0      0    256      0 13944876    0    0     0     0 1113  207  1  2 97  0  0  0
 1  0      0   2048      0 13159639    0    0     0     0 1122  794  1  2 97  0  0  0
 1  0      0   2048      0 12143372    0    0     0     0 1154 1016  1  2 97  0  0  0
 1  0      0    256      0 11086054    0    0     0    16 1093 1030  1  2 97  0  0  0
 1  0      0   2304      0 10019480    0    0     0     0 1103 1080  1  2 97  0  0  0
 1  0      0   1536      0 8965442    0    0     0    32 1150 1197  1  2 97  0  0  0
 1  0      0    256      0 7909240    0    0     0     0 1200 1443  1  2 97  0  0  0
procs -----------memory---------- ---swap-- -----io---- -system-- -------cpu-------
 r  b   swpd   free   buff  cache   si   so    bi    bo   in   cs us sy id wa st gu
 1  0      0   1024      0 7134440    0    0     0     0 1257 1371  1  2 97  0  0  0
 2  1      0   1276      0 7134116    0    0     0 213000 2154 1704  0  3 97  0  0  0
 1  1      0   1024      0 7134385    0    0     0 467016 3293 1243  0  2 97  1  0  0
 2  0      0    508      0 7134769    0    0     0 467036 3345 1336  0  2 97  1  0  0
 1  1      0    508      0 7134535    0    0     0 466252 3319 1285  0  2 97  1  0  0
 2  0      0   1020      0 7134193    0    0     0 459464 3302 1210  0  2 97  1  0  0
 1  1      0    148      0 7135110    0    0     0 466048 3387 1116  0  3 97  1  0  0
 1  1      0    256      0 7134729    0    0     0 471944 3469 1226  0  3 96  1  0  0
 0  3      0   1280      0 7133569    0    0     0 462944 3495 1236  0  3 96  1  0  0
 1  2      0   1024      0 7134223    0    0     0 463812 3549 1371  0  3 96  1  0  0
 1  1      0    512      0 7134707    0    0     0 470216 3323 1229  0  3 96  1  0  0
 0  2      0   1536      0 7133693    0    0     0 466948 3367 1287  0  3 96  1  0  0
 2  0      0   1536      0 7133423    0    0     0 458756 3392 1217  0  3 96  1  0  0
 0  3      0   1792      0 7133300    0    0     0 467064 3346 1149  0  3 96  1  0  0
 1  1      0    768      0 7134501    0    0     0 467044 3446 1271  0  3 96  1  0  0
 1  1      0   1280      0 7133807    0    0     0 466948 3408 1228  0  3 96  1  0  0
 1  1      0 1795176      0 7134753    0    0     0 456596 3455 1130  0  3 96  1  0  0
 1  0      0 7821604      0 7361057    0    0 226048 55408 2207 1715  0  2 97  1  0  0
 0  1      0 7074596      0 7734149    0    0 372992    84 2477 2740  0  2 97  1  0  0
 0  1      0 6324004      0 8109089    0    0 375040    80 2468 2840  0  2 97  1  0  0
 2  0      0 5579556      0 8481057    0    0 371968     0 2422 2651  0  2 97  1  0  0
procs -----------memory---------- ---swap-- -----io---- -system-- -------cpu-------
 r  b   swpd   free   buff  cache   si   so    bi    bo   in   cs us sy id wa st gu
 1  0      0 6504624      0 8708031    0    0 226560     0 1869 1694  1  1 97  1  0  0
 0  2      0 5993392      0 8963614    0    0 254976 143360 2467 2208  0  1 97  2  0  0
 0  2      0 5770928      0 9074973    0    0 111360 311296 2662 1693  0  1 97  2  0  0
 0  3      0 5542832      0 9188879    0    0 113664 303212 2524 1569  0  1 97  2  0  0
 0  1      0 5242800      0 9338967    0    0 149504 253952 2466 1710  0  1 97  2  0  0
 1  0      0 4481968      0 9719485    0    0 379648     0 2421 2696  0  2 97  1  0  0
 1  0      0 5416764      0 9941574    0    0 221696     0 1936 1807  1  1 97  1  0  0
 0  1      0 4658748      0 10320202    0    0 378624     0 2459 2781  0  2 97  1  0  0
 1  0      0 3895680      0 10701135    0    0 380928     0 2467 2703  0  2 97  1  0  0
 0  1      0 3150976      0 11073103    0    0 371968    92 2409 2667  0  2 97  1  0  0
 0  1      0 4083724      0 11296079    0    0 222976     0 1965 1824  1  1 97  1  0  0
 1  0      0 3328524      0 11673423    0    0 377344     0 2413 2720  0  2 97  1  0  0
 1  0      0 2574348      0 12049999    0    0 376832     0 2422 2667  0  2 97  1  0  0
 1  0      0 1823244      0 12425207    0    0 375040     0 2411 2748  0  2 97  1  0  0
 0  1      0 2744216      0 12654162    0    0 228864     0 1938 1774  1  1 97  1  0  0
 1  0      0 1994392      0 13028690    0    0 374528   100 2445 2711  0  2 97  1  0  0
 1  0      0 1240472      0 13405266    0    0 376576     0 2406 2662  0  2 97  1  0  0
 0  1      0 493720      0 13778257    0    0 373248     0 2452 2801  0  2 97  1  0  0
 1  0      0   9880      0 14019921    0    0 241664     0 2001 1799  1  1 97  1  0  0
 0  1      0 763404      0 14332497    0    0 312320     0 2197 2351  0  2 97  1  0  0
 0  1      0  11584      0 14708049    0    0 375808     0 2422 2810  0  2 97  1  0  0
procs -----------memory---------- ---swap-- -----io---- -system-- -------cpu-------
 r  b   swpd   free   buff  cache   si   so    bi    bo   in   cs us sy id wa st gu
 0  1      0    512      0 14367898    0    0 350208    24 2434 2652  0  2 97  1  0  0
 1  0      0   2560      0 14026640    0    0 338176     0 2427 2647  0  2 97  1  0  0
 1  0      0 1381468      0 14026636    0    0     0     0 1101  165  2  1 97  0  0  0
 1  0      0 1381468      0 14026636    0    0     0     0 1081  127  2  1 97  0  0  0
 1  0      0 1381624      0 14026636    0    0     0    80 1147  199  2  1 97  0  0  0
 1  0      0 1172216      0 14026636    0    0     0    12 1123  197  3  0 97  0  0  0
 1  0      0  97148      0 14026631    0    0     0    12 1126  229  1  2 97  0  0  0
 1  0      0   2304      0 13270119    0    0     0     0 1085  717  1  2 97  0  0  0
 1  0      0   1280      0 12200216    0    0     0     0 1110  996  1  2 97  0  0  0
 1  0      0    512      0 11136873    0    0     0     8 1188 1206  1  2 97  0  0  0
 1  0      0   2560      0 10074194    0    0     0     0 1217 1406  1  2 97  0  0  0
 1  0      0   1536      0 9012430    0    0     0     0 1116 1176  1  2 97  0  0  0
 1  0      0   1024      0 7938485    0    0     0    24 1188 1385  1  2 97  0  0  0
 1  0      0    512      0 7133901    0    0     0     0 1106 1412  1  2 97  0  0  0
 1  2      0    508      0 7134363    0    0     0 196612 1910 1452  0  3 97  0  0  0
 2  1      0    248      0 7134732    0    0     0 466948 3329 1395  0  3 96  1  0  0
 2  1      0   1020      0 7133700    0    0     4 466948 3325 1406  0  3 97  1  0  0
 1  2      0    508      0 7134429    0    0     0 458860 3233 1139  0  3 96  1  0  0
 2  1      0   1792      0 7133025    0    0     0 466948 3238 1133  0  3 97  1  0  0
 1  1      0   1536      0 7133211    0    0     0 458756 3216 1206  0  3 96  1  0  0
 2  1      0      0      0 7134745    0    0     0 467024 3339 1390  0  3 97  1  0  0
procs -----------memory---------- ---swap-- -----io---- -system-- -------cpu-------
 r  b   swpd   free   buff  cache   si   so    bi    bo   in   cs us sy id wa st gu
 0  2      0    768      0 7134183    0    0     0 458756 3367 1297  0  3 96  1  0  0
 2  2      0    768      0 7134326    0    0     0 458860 3228 1224  0  3 97  1  0  0
 2  1      0   1280      0 7133659    0    0     0 467084 3250 1135  0  3 96  1  0  0
 4  0      0    768      0 7134329    0    0     0 458756 3319 1340  0  3 97  1  0  0
 1  1      0    256      0 7134762    0    0     0 466948 3306 1258  0  3 96  1  0  0
 1  1      0   1024      0 7133809    0    0     0 466948 3280 1316  0  3 97  1  0  0
 2  1      0   1280      0 7133604    0    0     0 467052 3322 1196  0  3 97  1  0  0
 3  1      0   1280      0 7133241    0    0     0 458756 3293 1256  0  3 97  1  0  0
 1  1      0  70704      0 7133633    0    0     0 462852 3224 1117  0  2 97  1  0  0
 0  1      0 7891236      0 7325638    0    0 191744 225280 2855 1678  0  2 97  1  0  0
 1  0      0 7135780      0 7702982    0    0 377600     0 2419 2716  0  2 97  1  0  0
 1  0      0 6388516      0 8076230    0    0 373248     0 2538 3015  0  2 97  1  0  0
 1  0      0 5639204      0 8450502    0    0 374272   188 2434 2794  0  2 97  1  0  0
 0  1      0 6595760      0 8661789    0    0 210688     0 1807 1645  1  1 97  1  0  0
 0  2      0 6018992      0 8950193    0    0 287744 98312 2429 2448  0  2 97  2  0  0
 2  0      0 5792280      0 9063604    0    0 113408 311296 2618 1756  0  1 97  2  0  0
 0  2      0 5557272      0 9181124    0    0 117248 294912 2530 1644  0  1 97  2  0  0
 0  1      0 5124888      0 9397425    0    0 215552 180224 2481 2020  0  1 97  2  0  0
 0  1      0 4363544      0 9778199    0    0 379904    72 2430 2850  0  2 97  1  0  0
 0  1      0 5336484      0 9981210    0    0 203008     0 1874 1702  1  1 97  1  0  0
 1  0      0 4582052      0 10358042    0    0 376832     0 2475 2736  0  2 97  1  0  0
procs -----------memory---------- ---swap-- -----io---- -system-- -------cpu-------
 r  b   swpd   free   buff  cache   si   so    bi    bo   in   cs us sy id wa st gu
 1  0      0 3834020      0 10731778    0    0 373504     0 2438 2809  0  2 97  1  0  0
 1  0      0 3073956      0 11111450    0    0 379648     0 2457 2721  0  2 97  1  0  0
 0  1      0 4023856      0 11325722    0    0 214272    60 1922 1717  1  1 97  1  0  0
 0  1      0 3263792      0 11705370    0    0 379648    12 2443 2769  0  2 97  1  0  0
 0  1      0 2508704      0 12082699    0    0 377344     0 2447 2856  0  2 97  1  0  0
 1  0      0 1751292      0 12460568    0    0 378112     0 2497 2883  0  2 97  1  0  0
 1  0      0 2722696      0 12664220    0    0 203520     0 1868 1689  1  1 97  1  0  0
 0  1      0 1972872      0 13038724    0    0 374528     0 2419 2731  0  2 97  1  0  0
 1  0      0 1235592      0 13407000    0    0 368384   112 2380 2793  0  2 97  1  0  0
 0  1      0 489864      0 13779480    0    0 372224     0 2418 2856  0  2 97  1  0  0
 1  0      0  10376      0 14018840    0    0 239616     0 1976 1956  1  1 97  1  0  0
 0  1      0 702740      0 14362136    0    0 343040     0 2353 2661  0  2 97  1  0  0
 0  1      0   1792      0 14690612    0    0 371712     0 2389 2781  0  2 97  1  0  0
 1  0      0   3328      0 14331965    0    0 356864    36 2460 2778  0  2 97  1  0  0
 1  0      0   2048      0 14027942    0    0 304896     0 2366 2457  1  2 97  1  0  0
 1  0      0 1381004      0 14027942    0    0     0     0 1127  181  2  1 97  0  0  0
 1  0      0 1381004      0 14027942    0    0     0     0 1115  156  2  1 97  0  0  0
 1  0      0 1381004      0 14027942    0    0     0     0 1076  126  2  1 97  0  0  0
 1  0      0 676748      0 14027942    0    0     0     0 1141  243  2  1 97  0  0  0
 1  0      0    256      0 13513806    0    0     0   132 1194  595  1  2 97  0  0  0
 1  0      0   2816      0 12701596    0    0     0     0 1106  790  1  2 97  0  0  0
procs -----------memory---------- ---swap-- -----io---- -system-- -------cpu-------
 r  b   swpd   free   buff  cache   si   so    bi    bo   in   cs us sy id wa st gu
 1  0      0   2048      0 11854458    0    0     0     0 1088  815  1  2 97  0  0  0
 1  0      0   1792      0 10764282    0    0     0     0 1136 1127  1  2 97  0  0  0
 1  0      0      0      0 9677568    0    0     0     0 1096 1140  1  2 97  0  0  0
 1  0      0    764      0 8557003    0    0     0     0 1155 1378  1  2 97  0  0  0
 1  0      0    764      0 7425986    0    0     0    12 1240 1554  1  2 97  0  0  0
 1  0      0     88      0 7135360    0    0     0     0 1176 1682  0  3 97  0  0  0
 1  1      0   1788      0 7133507    0    0     0 450564 3040 1837  0  2 97  1  0  0
 1  1      0   1792      0 7133334    0    0     0 466948 3194 1223  0  2 97  1  0  0
 2  1      0   1276      0 7133962    0    0     0 466948 3284 1272  0  2 97  1  0  0
 0  2      0    244      0 7135072    0    0     0 458848 3291 1348  0  2 97  1  0  0
 0  2      0   1788      0 7133510    0    0     0 466952 3290 1249  0  2 97  1  0  0
 1  1      0   1788      0 7133524    0    0     0 462928 3303 1208  0  2 97  1  0  0
 2  0      0      0      0 7135301    0    0     0 462776 3215 1218  0  2 97  1  0  0
 1  1      0   1280      0 7133619    0    0     0 466948 3349 1437  0  2 97  1  0  0
 0  3      0   1020      0 7134080    0    0     0 467060 3254 1042  0  2 97  1  0  0
 2  1      0   1536      0 7133545    0    0     0 467100 3302 1082  0  2 97  1  0  0
 1  1      0     72      0 7135295    0    0     0 458756 3247 1039  0  2 97  1  0  0
 0  2      0   1020      0 7134203    0    0     0 466948 3385 1284  0  2 97  1  0  0
 1  2      0   1024      0 7134313    0    0     0 466948 3372 1107  0  2 97  1  0  0
 1  2      0    256      0 7134812    0    0     0 467056 3287 1028  0  2 97  1  0  0
 2  0      0    256      0 7135129    0    0     0 466948 3262 1026  0  2 97  1  0  0
procs -----------memory---------- ---swap-- -----io---- -system-- -------cpu-------
 r  b   swpd   free   buff  cache   si   so    bi    bo   in   cs us sy id wa st gu
 0  1      0 8248100      0 7148437    0    0 12800 438272 3354 1014  0  3 97  1  0  0
 0  1      0 7484464      0 7529877    0    0 381440    96 2486 2759  0  2 97  1  0  0
 1  0      0 6723368      0 7910281    0    0 380416     0 2601 2953  0  2 97  1  0  0
 0  1      0 5961000      0 8290965    0    0 380672     0 2455 2791  0  2 97  1  0  0
 1  0      0 5924944      0 8511890    0    0 221184   220 1943 1851  1  1 97  1  0  0
 1  0      0 6168212      0 8876908    0    0 364032     0 2368 2701  0  2 97  1  0  0
 1  1      0 5774228      0 9073813    0    0 196608 217092 2464 1978  0  1 95  4  0  0
 1  1      0 5538196      0 9191844    0    0 117760 286720 2527 1730  0  1 94  5  0  0
 2  0      0 5308308      0 9306796    0    0 114432 294912 2501 1669  0  1 94  5  0  0
 0  1      0 4667028      0 9627528    0    0 320256 57344 2409 2533  0  2 96  2  0  0
 1  0      0 4138900      0 9891559    0    0 263424    52 2008 1990  1  1 97  1  0  0
 0  1      0 4889376      0 10205672    0    0 313856     0 2211 2477  0  2 97  1  0  0
 1  0      0 4134944      0 10582504    0    0 376832     0 2505 2988  0  2 97  1  0  0
 0  1      0 3377184      0 10961004    0    0 378624     0 2464 2950  0  2 97  1  0  0
 1  0      0 2762016      0 11268072    0    0 307200     0 2149 2295  1  1 97  1  0  0
 1  0      0 3573164      0 11551977    0    0 283648    40 2108 2156  1  2 97  1  0  0
 0  1      0 2823852      0 11926249    0    0 374528    24 2434 2862  0  2 97  1  0  0
 0  1      0 2060460      0 12307689    0    0 381440    88 2491 2832  0  2 97  1  0  0
 1  0      0 1385644      0 12644585    0    0 336896     0 2295 2597  0  2 97  1  0  0
 1  0      0 2271800      0 12890857    0    0 246272     0 1956 1872  1  1 97  1  0  0
 0  1      0 1522744      0 13265129    0    0 374016     0 2436 2801  0  2 97  1  0  0
procs -----------memory---------- ---swap-- -----io---- -system-- -------cpu-------
 r  b   swpd   free   buff  cache   si   so    bi    bo   in   cs us sy id wa st gu
 0  2      0 769336      0 13641449    0    0 376576    24 2513 2999  0  2 97  1  0  0
 1  0      0   9016      0 14021097    0    0 379648     0 2545 2868  0  2 97  1  0  0
 0  1      0 957276      0 14236141    0    0 214784     0 1878 1656  1  1 97  1  0  0
 0  1      0 189276      0 14619629    0    0 383744     0 2485 2842  0  2 97  1  0  0
 1  0      0   2560      0 14442158    0    0 363776     0 2442 2681  0  2 97  1  0  0
 0  1      0   2048      0 14079705    0    0 361728     0 2460 2704  0  2 97  1  0  0
 1  0      0 1380492      0 14027657    0    0 52480    12 1325  575  2  1 97  0  0  0
 1  0      0 1380492      0 14027657    0    0     0     0 1130  236  2  1 97  0  0  0
 1  0      0 1380492      0 14027657    0    0     0     0 1083  142  2  1 97  0  0  0
 1  0      0 888204      0 14027657    0    0     0     0 1079  138  2  1 97  0  0  0
 1  0      0   3072      0 13788328    0    0     0     0 1089  337  1  2 97  0  0  0
 1  0      0   2304      0 12988283    0    0     0     0 1177  976  1  2 97  0  0  0
 1  0      0    768      0 11977047    0    0     0    24 1168 1031  1  2 97  0  0  0
 1  0      0   2048      0 10891647    0    0     0    76 1178 1200  1  2 97  0  0  0
 1  0      0      0      0 9811244    0    0     0     0 1071 1133  1  2 97  0  0  0
 1  0      0   1024      0 8730550    0    0     0     0 1137 1321  1  2 97  0  0  0
 1  0      0   1532      0 7616535    0    0     0     0 1123 1424  1  2 97  0  0  0
 1  0      0    508      0 7134435    0    0     0    12 1094 1029  0  3 97  0  0  0
 2  1      0    508      0 7134491    0    0     0 368664 2857 1362  0  3 94  2  0  0
 2  0      0    220      0 7134941    0    0     0 458756 3281 1177  0  3 94  3  0  0
 1  1      0    508      0 7134427    0    0     0 466948 3201 1027  0  3 94  3  0  0
procs -----------memory---------- ---swap-- -----io---- -system-- -------cpu-------
 r  b   swpd   free   buff  cache   si   so    bi    bo   in   cs us sy id wa st gu
 2  1      0    256      0 7134323    0    0     0 466948 3322 1134  0  3 94  3  0  0
 1  1      0    764      0 7134309    0    0     0 458756 3224 1068  0  3 94  3  0  0
 0  2      0    252      0 7134876    0    0     0 467060 3264 1151  0  3 94  3  0  0
 1  1      0    764      0 7133944    0    0     0 458756 3353 1362  0  3 94  3  0  0
 2  1      0    508      0 7134306    0    0     0 466948 3255 1015  0  3 94  3  0  0
 1  1      0      0      0 7134984    0    0     0 458756 3213 1072  0  3 94  3  0  0
 2  0      0   1536      0 7133127    0    0     0 466948 3338 1141  0  3 94  3  0  0
 1  1      0    200      0 7134743    0    0     0 467284 3262 1053  0  3 94  3  0  0
 2  1      0    764      0 7133895    0    0     0 466948 3206 1054  0  3 94  3  0  0
 1  1      0   1280      0 7133329    0    0     0 466948 3292 1028  0  3 94  3  0  0
 2  0      0   1280      0 7133418    0    0     0 458756 3368 1233  0  3 94  3  0  0
 2  1      0    256      0 7134190    0    0     0 471908 3359 1052  0  3 94  3  0  0
 2  0      0 6168184      0 7134344    0    0     0 462112 3333  884  0  3 94  3  0  0
 0  1      0 7650852      0 7445896    0    0 311552 86016 2601 2352  0  2 96  2  0  0
 0  1      0 6901540      0 7820168    0    0 374016     0 2445 2877  0  2 97  1  0  0
 0  1      0 6144548      0 8198280    0    0 378112     0 2482 2825  0  2 97  1  0  0
 1  0      0 5518628      0 8510856    0    0 312832     0 2244 2423  1  1 97  1  0  0
 0  1      0 6353072      0 8783352    0    0 271872    96 2032 2020  1  2 97  1  0  0
 0  2      0 5894832      0 9012482    0    0 228608 176172 2484 2163  0  1 97  2  0  0
 2  0      0 5664176      0 9127933    0    0 115200 294912 2466 1584  0  1 97  2  0  0
 0  2      0 5430704      0 9244680    0    0 116480 303104 2476 1737  0  1 97  2  0  0
procs -----------memory---------- ---swap-- -----io---- -system-- -------cpu-------
 r  b   swpd   free   buff  cache   si   so    bi    bo   in   cs us sy id wa st gu
 1  0      0 4793264      0 9563360    0    0 317696 65536 2511 2608  0  2 97  1  0  0
 1  0      0 4138928      0 9890509    0    0 326656     0 2263 2491  0  1 97  1  0  0
 1  0      0 5003324      0 10147789    0    0 257280    80 2030 2000  1  2 97  1  0  0
 0  1      0 4259132      0 10519501    0    0 371712     0 2367 2680  0  2 97  1  0  0
 0  1      0 3503164      0 10897101    0    0 377600    96 2589 2969  0  2 97  1  0  0
 1  0      0 2762344      0 11267021    0    0 369920     0 2522 2715  0  2 97  1  0  0
 0  1      0 3702772      0 11486413    0    0 219136     0 1867 1679  1  1 97  1  0  0
 0  1      0 2937588      0 11868621    0    0 382208     0 2433 2811  0  2 97  1  0  0
 0  1      0 2184692      0 12244685    0    0 376064    92 2407 2778  0  2 97  1  0  0
 0  1      0 1427444      0 12622897    0    0 378368     0 2508 2970  0  2 97  1  0  0
 0  1      0 2396292      0 12827853    0    0 204800    20 1925 1664  1  1 97  1  0  0
 0  1      0 1632644      0 13209293    0    0 381696     0 2431 2800  0  2 97  1  0  0
 1  0      0 863108      0 13593749    0    0 384256    72 2420 2829  0  2 97  1  0  0
 0  1      0 101740      0 13973969    0    0 380416     0 2426 2885  0  2 97  1  0  0
 0  1      0 1058268      0 14185171    0    0 210944     0 1853 1689  1  1 97  1  0  0
 1  0      0 304860      0 14561491    0    0 376576     4 2383 2677  0  2 97  1  0  0
 1  0      0   1536      0 14499389    0    0 364800    24 2449 2713  0  2 97  1  0  0
 1  0      0   3072      0 14141381    0    0 356096     0 2504 2749  0  2 97  1  0  0
 1  0      0 1382428      0 14026343    0    0 114176     0 1543  982  2  1 97  0  0  0
 1  0      0 1382428      0 14026343    0    0     0     0 1145  235  2  1 97  0  0  0
 1  0      0 1382216      0 14026339    0    0     0     0 1130  189  2  1 97  0  0  0
procs -----------memory---------- ---swap-- -----io---- -system-- -------cpu-------
 r  b   swpd   free   buff  cache   si   so    bi    bo   in   cs us sy id wa st gu
 1  0      0 1194824      0 14026339    0    0     0    24 1148  252  2  1 97  0  0  0
 1  0      0    512      0 13926214    0    0     0     0 1096  223  1  2 97  0  0  0
 1  0      0      0      0 13099791    0    0     0     0 1074  792  1  2 97  0  0  0
 1  0      0   1280      0 12296326    0    0     0     0 1127  882  1  2 97  0  0  0
 1  0      0    256      0 11220130    0    0     0     0 1146 1138  1  2 97  0  0  0
 1  0      0   1792      0 10131102    0    0     0     8 1102 1126  1  2 97  0  0  0
 1  0      0      0      0 9047000    0    0     0    40 1124 1234  1  2 97  0  0  0
 1  0      0   1532      0 7941732    0    0     0     0 1083 1345  1  2 97  0  0  0
 1  0      0    512      0 7134065    0    0     0     0 1239 1359  1  2 97  0  0  0
 0  2      0   1020      0 7133839    0    0     0 228376 2130 1221  0  3 95  2  0  0
 2  1      0   1532      0 7133391    0    0     0 467952 3275 1109  0  3 94  3  0  0
 2  0      0    764      0 7134325    0    0     0 466948 3245 1035  0  3 94  3  0  0
 1  1      0      0      0 7134542    0    0     0 467028 3331 1144  0  3 94  3  0  0
 1  1      0   1276      0 7133762    0    0     0 466948 3324 1063  0  3 94  3  0  0
 0  2      0     88      0 7134941    0    0     0 467036 3297 1055  0  3 94  3  0  0
 3  0      0    256      0 7134515    0    0     0 465304 3263 1025  0  3 94  3  0  0
 1  2      0   1020      0 7133923    0    0     0 468696 3321 1127  0  3 94  3  0  0
 2  0      0   1532      0 7133722    0    0     0 458884 3244 1035  0  3 94  3  0  0
 1  1      0   1020      0 7133960    0    0     0 475140 3322 1114  0  3 94  3  0  0
 1  1      0   1536      0 7133304    0    0     0 458756 3296 1196  0  3 94  3  0  0
 2  1      0    252      0 7134746    0    0     0 475140 3340 1159  0  3 94  3  0  0
procs -----------memory---------- ---swap-- -----io---- -system-- -------cpu-------
 r  b   swpd   free   buff  cache   si   so    bi    bo   in   cs us sy id wa st gu
 2  0      0   1536      0 7133375    0    0     4 467052 3460 1395  0  3 94  3  0  0
 1  1      0   1280      0 7133683    0    0     0 466948 3256 1013  0  3 94  3  0  0
 1  1      0    256      0 7134764    0    0     0 464196 3318 1056  0  3 94  3  0  0
 1  1      0 2328288      0 7134343    0    0     0 467560 3450 1078  0  3 94  3  0  0
 1  0      0 7778888      0 7382151    0    0 247808 100444 2665 2039  0  2 96  1  0  0
 0  1      0 7030344      0 7756039    0    0 373760     0 2385 2768  0  2 97  1  0  0
 0  1      0 6290504      0 8125575    0    0 369408   212 2396 2744  0  2 97  1  0  0
 1  0      0 5552968      0 8493959    0    0 368640     0 2495 2986  0  2 97  1  0  0
 0  1      0 6528468      0 8695852    0    0 201216     0 1888 1698  1  1 97  1  0  0
 0  2      0 6010836      0 8954747    0    0 258560 139264 2476 2241  0  1 97  2  0  0
 0  2      0 5776852      0 9071754    0    0 116480 303104 2507 1636  0  1 97  2  0  0
 0  2      0 5550548      0 9184909    0    0 113152 303048 2521 1606  0  1 97  2  0  0
 0  1      0 5111508      0 9404547    0    0 218880 180328 2577 2130  0  1 97  2  0  0
 0  1      0 4358100      0 9781148    0    0 375808     0 2398 2780  0  2 97  1  0  0
 0  1      0 5317984      0 9990811    0    0 209408     0 1823 1573  1  1 97  1  0  0
 1  0      0 4573536      0 10362535    0    0 371968     0 2471 2905  0  2 97  1  0  0
 1  0      0 3814752      0 10741659    0    0 379136     0 2438 2771  0  2 97  1  0  0
 0  1      0 3064416      0 11116459    0    0 374784    84 2516 2955  0  2 97  1  0  0
 0  1      0 4023276      0 11326619    0    0 209920     0 1929 1731  1  1 97  1  0  0
 0  1      0 3258348      0 11708571    0    0 382208     0 2465 2862  0  2 97  1  0  0
 0  1      0 2494700      0 12090011    0    0 381440     0 2412 2770  0  2 97  1  0  0
procs -----------memory---------- ---swap-- -----io---- -system-- -------cpu-------
 r  b   swpd   free   buff  cache   si   so    bi    bo   in   cs us sy id wa st gu
 1  0      0 1753836      0 12460167    0    0 369920     0 2378 2741  0  2 97  1  0  0
 0  1      0 2722168      0 12665499    0    0 205312     0 1840 1612  1  1 97  1  0  0
 1  0      0 1973368      0 13039515    0    0 374016    12 2468 2861  0  2 97  1  0  0
 1  0      0 1218168      0 13416603    0    0 377344     0 2387 2826  0  2 97  1  0  0
 1  0      0 463480      0 13793691    0    0 376832     0 2408 2757  0  2 97  1  0  0
 1  0      0 408948      0 14020000    0    0 226560    52 2296 1838  1  1 97  1  0  0
 1  0      0 707512      0 14360993    0    0 340992     0 2358 2670  0  2 97  1  0  0
 1  0      0   2816      0 14705565    0    0 358912    12 2342 2712  0  2 97  1  0  0
 0  1      0   1792      0 14357703    0    0 348416     0 2415 2677  0  2 97  1  0  0
 1  0      0   1024      0 14029448    0    0 328192     0 2324 2516  0  2 97  1  0  0
 1  0      0 1379912      0 14029445    0    0     0   384 1242  341  2  1 97  0  0  0
 1  0      0 1379876      0 14029441    0    0     0     0 1129  168  2  1 97  0  0  0
 1  0      0 1379876      0 14029441    0    0     0     0 1087  136  2  1 97  0  0  0
 1  0      0 639524      0 14029441    0    0     0     0 1088  130  2  1 97  0  0  0
 1  0      0    256      0 13639677    0    0     0     0 1142  556  1  2 97  0  0  0
 1  0      0   1280      0 12837265    0    0     0    16 1118  815  1  2 97  0  0  0
 1  0      0      0      0 11767119    0    0     0    32 1198 1152  1  2 97  0  0  0
 1  0      0   1792      0 10680139    0    0     0     8 1136 1141  1  2 97  0  0  0
 1  0      0    512      0 9598682    0    0     0     0 1140 1259  1  2 97  0  0  0
 1  0      0   1788      0 8513912    0    0     0     0 1118 1267  1  2 97  0  0  0
 1  0      0   1020      0 7390328    0    0     0    76 1123 1323  1  2 97  0  0  0
procs -----------memory---------- ---swap-- -----io---- -system-- -------cpu-------
 r  b   swpd   free   buff  cache   si   so    bi    bo   in   cs us sy id wa st gu
 1  0      0    256      0 7135184    0    0     0    48 1133 1105  0  3 97  0  0  0
 2  0      0    768      0 7134667    0    0     0 454660 3369 1433  0  3 94  3  0  0
 1  1      0   1532      0 7134049    0    0     0 471044 3322 1058  0  3 94  3  0  0
 2  0      0    508      0 7135218    0    0     0 466948 3304 1160  0  3 94  3  0  0
 1  2      0    156      0 7135493    0    0     0 465276 3304 1056  0  3 94  3  0  0
 1  2      0    508      0 7134959    0    0     0 468712 3361 1259  0  3 94  3  0  0
 1  1      0    508      0 7135127    0    0     0 469068 3318 1121  0  3 94  3  0  0
 1  1      0   1276      0 7134379    0    0     0 464912 3355 1169  0  3 94  3  0  0
 1  1      0    764      0 7135235    0    0     0 466948 3251 1045  0  3 94  3  0  0
 2  0      0    124      0 7135926    0    0     0 460752 3306 1122  0  3 94  3  0  0
 1  2      0    764      0 7134781    0    0     4 473248 3393 1154  0  3 94  3  0  0
 1  1      0   1276      0 7134496    0    0     0 466948 3213 1034  0  3 94  3  0  0
 2  0      0      0      0 7135631    0    0     0 458756 3242 1030  0  3 94  3  0  0
 1  1      0   1536      0 7134029    0    0     0 466948 3363 1119  0  3 94  3  0  0
 0  2      0   1024      0 7134702    0    0     0 466948 3283 1036  0  3 94  3  0  0
 2  0      0    512      0 7135277    0    0     0 462980 3446 1260  0  3 94  3  0  0
 0  1      0 8187172      0 7179131    0    0 43264 323704 2932 1014  0  3 95  2  0  0
 0  1      0 7447588      0 7548539    0    0 369408     0 2449 2814  0  2 97  1  0  0
 1  0      0 6700572      0 7921788    0    0 373248     0 2539 3100  0  2 97  1  0  0
 1  0      0 5925404      0 8308860    0    0 387328     0 2419 2758  0  2 97  1  0  0
 1  0      0 6876328      0 8522900    0    0 213760     0 1877 1671  1  1 97  1  0  0
procs -----------memory---------- ---swap-- -----io---- -system-- -------cpu-------
 r  b   swpd   free   buff  cache   si   so    bi    bo   in   cs us sy id wa st gu
 0  1      0 6137512      0 8892386    0    0 368640    44 2436 2867  0  2 97  1  0  0
 1  1      0 5822376      0 9049930    0    0 157440 253960 2482 1824  0  1 94  4  0  0
 1  2      0 5593000      0 9164625    0    0 114432 311296 2477 1538  0  1 94  5  0  0
 2  0      0 5366184      0 9278036    0    0 113152 303104 2459 1585  0  1 94  5  0  0
 1  0      0 4768424      0 9576960    0    0 297984 82096 2598 2726  0  2 96  2  0  0
 1  0      0 4138664      0 9891792    0    0 314368    68 2232 2382  0  1 97  1  0  0
 0  1      0 4972340      0 10164432    0    0 272640     0 2044 2093  1  1 97  1  0  0
 1  0      0 4206900      0 10546712    0    0 382208     0 2458 2719  0  2 97  1  0  0
 0  1      0 3458868      0 10920400    0    0 373504     0 2422 2857  0  2 97  1  0  0
 1  0      0 2762292      0 11268304    0    0 348160    44 2388 2771  0  2 97  1  0  0
 0  1      0 3692980      0 11492560    0    0 224256     0 1870 1736  1  1 97  1  0  0
 1  0      0 2935220      0 11871184    0    0 378368     0 2348 2694  0  2 97  1  0  0
 1  0      0 2165684      0 12255388    0    0 384256     0 2481 2818  0  2 97  1  0  0
 1  0      0 1391284      0 12642256    0    0 386816     0 2487 2792  0  2 97  1  0  0
 0  1      0 2341444      0 12856528    0    0 214272    32 1883 1635  1  1 97  1  0  0
 0  1      0 1576260      0 13238736    0    0 382208    12 2452 2806  0  2 97  1  0  0
 1  0      0 811588      0 13620688    0    0 382208     0 2463 2882  0  2 97  1  0  0
 1  0      0  53572      0 13999312    0    0 378368     0 2398 2796  0  2 97  1  0  0
 1  0      0 1029584      0 14200784    0    0 201472     0 1888 1607  1  1 97  1  0  0
 0  1      0 312528      0 14558928    0    0 358400     0 2424 2789  0  2 97  1  0  0
 0  1      0    768      0 14517481    0    0 352512     0 2487 2768  0  2 97  1  0  0
procs -----------memory---------- ---swap-- -----io---- -system-- -------cpu-------
 r  b   swpd   free   buff  cache   si   so    bi    bo   in   cs us sy id wa st gu
 0  1      0   2816      0 14171990    0    0 342528    12 2407 2653  0  2 97  1  0  0
 1  0      0 1379420      0 14030264    0    0 143616    24 1697 1216  1  1 97  0  0  0
 1  0      0 1379420      0 14030264    0    0     0     0 1154  290  2  1 97  0  0  0
 1  0      0 1379420      0 14030264    0    0     0     0 1226  418  2  1 97  0  0  0
 1  0      0 1379168      0 14030261    0    0     0    72 1148  180  2  1 97  0  0  0
 1  0      0 185184      0 14030261    0    0     0     4 1098  160  1  2 97  0  0  0
 1  0      0    256      0 13151580    0    0     0    36 1111  829  1  2 97  0  0  0
 1  0      0   2048      0 12344431    0    0     0     0 1153  927  1  2 97  0  0  0
 1  0      0   1280      0 11473379    0    0     0     0 1104  926  1  2 97  0  0  0
 1  0      0   2048      0 10388996    0    0     0     0 1097 1097  1  2 97  0  0  0
 1  0      0      0      0 9310202    0    0     0    68 1139 1198  1  2 97  0  0  0
 1  0      0   1792      0 8218076    0    0     0    16 1148 1389  1  2 97  0  0  0
 1  0      0    252      0 7135440    0    0     0    12 1180 1351  1  2 97  0  0  0
 0  2      0    212      0 7135023    0    0     0 114692 1723 1296  0  3 97  0  0  0
 3  0      0    764      0 7134366    0    0     0 466948 3276 1110  0  2 97  1  0  0
 2  0      0   1536      0 7133442    0    0     0 466948 3382 1144  0  2 97  1  0  0
 1  1      0      0      0 7135238    0    0     0 466948 3264 1040  0  2 97  1  0  0
 1  1      0    764      0 7134411    0    0     0 467056 3411 1202  0  2 97  1  0  0
 2  1      0    764      0 7134344    0    0     0 466948 3280 1076  0  2 97  1  0  0
 1  1      0   1536      0 7133483    0    0     0 462808 3301 1135  0  2 97  1  0  0
 1  1      0   1020      0 7134247    0    0     0 471088 3383 1151  0  2 97  1  0  0
procs -----------memory---------- ---swap-- -----io---- -system-- -------cpu-------
 r  b   swpd   free   buff  cache   si   so    bi    bo   in   cs us sy id wa st gu
 2  0      0    180      0 7135094    0    0     0 466948 3245 1044  0  2 97  1  0  0
 0  2      0   1532      0 7133568    0    0     0 457984 3301 1144  0  2 97  1  0  0
 0  2      0   1276      0 7134012    0    0     0 467964 3327 1213  0  2 97  1  0  0
 2  1      0    764      0 7134435    0    0     0 466948 3296 1064  0  2 97  1  0  0
 1  1      0    768      0 7134377    0    0     0 465288 3299 1030  0  2 97  1  0  0
 0  2      0    256      0 7134926    0    0     0 467736 3309 1014  0  2 97  1  0  0
 1  1      0    768      0 7134379    0    0     0 465556 3398 1169  0  2 97  1  0  0
 1  1      0   1280      0 7133694    0    0     0 464688 3417 1044  0  2 97  1  0  0
 0  1      0 8273700      0 7135110    0    0     0 430612 2944  628  0  2 97  1  0  0
 1  0      0 8273700      0 7135110    0    0     0 458752 2416  439  0  1 97  2  0  0
 1  0      0 8302300      0 7106575    0    0     0 262224 2212 1055  0  2 97  1  0  0
 1  0      0 8373800      0 7035104    0    0     0     0 1392 1173  0  3 97  0  0  0
 1  0      0 12393512      0 6972006    0    0     0   144 1611 1035  0  3 97  0  0  0
 0  0      0 24986404      0 6971996    0    0     0     4 1263  399  0  2 98  0  0  0
 0  0      0 24986404      0 6971996    0    0     0     0  193  252  0  0 100  0  0  0
 0  0      0 24986176      0 6971996    0    0     0  2132  206  436  0  0 100  0  0  0
 0  0      0 24986176      0 6971996    0    0     0     0  102  147  0  0 100  0  0  0
 0  0      0 24986176      0 6971996    0    0     0     0   97  145  0  0 100  0  0  0
 0  0      0 24986176      0 6971996    0    0     0     0  271  339  0  0 100  0  0  0
