procs -----------memory---------- ---swap-- -----io---- -system-- -------cpu-------
 r  b   swpd   free   buff  cache   si   so    bi    bo   in   cs us sy id wa st gu
 1  0      0 18843236      0 8848525    0    0 1027897 366997 73623    1  1  1 97  1  0  0
 1  0      0 17215900      0 8848529    0    0     0     0 1436  618  1  2 97  0  0  0
 1  0      0 15545500      0 8848529    0    0     0     0 1277  286  1  2 97  0  0  0
 1  0      0 13933724      0 8848529    0    0     0   840 1375  405  1  2 97  0  0  0
 1  0      0 12305564      0 8848529    0    0     0     0 1315  402  1  2 97  0  0  0
 1  0      0 10672796      0 8848529    0    0     0     0 1457  680  1  2 97  0  0  0
 2  0      0 9034396      0 8848529    0    0     0     0 1299  278  1  2 97  0  0  0
 1  0      0 7403164      0 8848529    0    0     0     0 1108  155  1  2 97  0  0  0
32  0      0 6280088      0 8848529    0    0     0   700 10603 1315 29  2 69  0  0  0
32  0      0 6280072      0 8848529    0    0     0     0 31826 1333 97  0  3  0  0  0
32  0      0 6280072      0 8848529    0    0     0     0 32260 1649 97  0  3  0  0  0
32  0      0 6280072      0 8848530    0    0     0     0 31663  825 97  0  3  0  0  0
10  0      0 6282960      0 8848529    0    0     0   100 22783  633 65  0 34  0  0  0
32  0      0 2079060      0 8848528    0    0     0     0 24609 1191 60 15 25  0  0  0
32  0      0 2079060      0 8848528    0    0     0   108 31415  679 97  0  3  0  0  0
32  0      0 2079060      0 8848528    0    0     0     0 31657  614 98  0  2  0  0  0
32  0      0 2079060      0 8848528    0    0     0     0 32327  331 100  0  0  0  0  0
32  0      0 2079060      0 8848528    0    0     0     0 32468  572 100  0  0  0  0  0
19  0      0 2079060      0 8848529    0    0     0    76 25643  493 77  0 23  0  0  0
32  0      0 1336496      0 8848529    0    0     0     0 16232  605 44  2 55  0  0  0
32  0      0    672      0 6724009    0    0     0    20 29542 3853 67 18 14  0  0  0
procs -----------memory---------- ---swap-- -----io---- -system-- -------cpu-------
 r  b   swpd   free   buff  cache   si   so    bi    bo   in   cs us sy id wa st gu
32  0      0    172      0 6723999    0    0     0     0 31550 1084 86  4 10  0  0  0
32  0      0    172      0 6723999    0    0     0     0 32610  440 99  1  1  0  0  0
33  0      0    172      0 6723999    0    0     0     0 36058  515 99  0  0  0  0  0
32  0      0    172      0 6723999    0    0     0     0 43136  426 98  2  0  0  0  0
32  0      0    172      0 6723999    0    0     0     0 43529  632 97  3  0  0  0  0
20  0      0    692      0 6723999    0    0     0    44 36332  485 89  2  9  0  0  0
11  0      0   1212      0 6723999    0    0     0     0 23893  305 59  1 40  0  0  0
32  0      0    716      0 6723999    0    0     0    76 16161 1086 44  1 55  0  0  0
32  0      0   1060      0 6723997    0    0     0     0 32232 1952 93  1  7  0  0  0
 1  0      0   3076      0 6723997    0    0     0     0 11477 1395 31  0 69  0  0  0
 1  0      0   3076      0 6723997    0    0     0     0 1317  456  3  0 97  0  0  0
 1  0      0   3076      0 6723997    0    0     0    20 1433  621  3  0 97  0  0  0
 1  0      0   2980      0 6723997    0    0     0     0 1493  773  3  0 97  0  0  0
 1  0      0   2980      0 6723997    0    0     0     0 1365  532  3  0 97  0  0  0
 1  0      0   2980      0 6723997    0    0     0     0 1262  270  3  0 97  0  0  0
 1  0      0   2980      0 6723997    0    0     0     0 1112  169  2  1 97  0  0  0
 1  0      0   2980      0 6723997    0    0     0     0 1162  251  2  1 97  0  0  0
 1  0      0   2980      0 6723997    0    0     0    20 1137  210  2  1 97  0  0  0
 1  0      0   2980      0 6723997    0    0     0     0 1097  143  2  2 97  0  0  0
 1  0      0   3272      0 6723997    0    0     0     0 1133  220  2  1 97  0  0  0
 1  0      0   3272      0 6723997    0    0     0     0 1202  374  2  1 97  0  0  0
procs -----------memory---------- ---swap-- -----io---- -system-- -------cpu-------
 r  b   swpd   free   buff  cache   si   so    bi    bo   in   cs us sy id wa st gu
 1  0      0   3280      0 6724001    0    0     0     0 1114  142  2  1 97  0  0  0
 1  0      0   3280      0 6724001    0    0     0   108 1221  351  3  0 97  0  0  0
 3  0      0   3280      0 6724001    0    0     0    16 1135  206  3  0 97  0  0  0
 1  0      0   3280      0 6724001    0    0     0     0 1311  514  3  0 97  0  0  0
 1  0      0 8157940      0 6974283    0    0     0     0 1157  195  1  2 97  0  0  0
 1  0      0 6486136      0 8646208    0    0     0     0 1113  153  0  3 97  0  0  0
 0  2      0 5412984      0 9719334    0    0     0 360608 2796  643  0  3 97  1  0  0
 1  1      0 4962424      0 10169929    0    0     0 466948 3272  729  0  3 94  3  0  0
 1  1      0 4514500      0 10617903    0    0     0 475140 3223  704  0  3 94  3  0  0
 0  2      0 4065220      0 11067188    0    0     0 458756 3140  649  0  3 94  3  0  0
 1  1      0 3605188      0 11527200    0    0     0 466948 3200  689  0  3 95  3  0  0
 1  1      0 3132356      0 12000007    0    0     0 467056 3273  787  0  2 97  1  0  0
 1  1      0 2660804      0 12471462    0    0     0 467028 3253  664  0  2 97  1  0  0
 1  1      0 2183620      0 12948682    0    0     0 466948 3255  799  0  2 97  1  0  0
 0  2      0 1707204      0 13425045    0    0     0 466948 3393  932  0  2 97  1  0  0
 0  2      0 1233888      0 13898400    0    0     0 466948 3248  692  0  2 97  1  0  0
 2  1      0 757728      0 14374774    0    0     0 467056 3268  887  0  2 97  1  0  0
 2  0      0 282592      0 14849778    0    0     0 458836 3183  669  0  2 97  1  0  0
 1  1      0   1280      0 15131226    0    0     0 475140 3397 1171  0  2 97  1  0  0
 2  0      0   1280      0 15131233    0    0     0 458756 3263 1128  0  2 97  1  0  0
 1  1      0   1280      0 15130725    0    0     0 475140 3291 1153  0  2 97  1  0  0
procs -----------memory---------- ---swap-- -----io---- -system-- -------cpu-------
 r  b   swpd   free   buff  cache   si   so    bi    bo   in   cs us sy id wa st gu
 1  1      0   1280      0 15130810    0    0     0 467048 3308 1194  0  2 97  1  0  0
 2  1      0      0      0 15132114    0    0     0 467020 3364 1300  0  2 97  1  0  0
 2  1      0   3584      0 15128553    0    0     0 466948 3288 1146  0  2 97  1  0  0
 2  1      0      0      0 15132235    0    0     0 466948 3333 1179  0  2 97  1  0  0
 1  1      0   2560      0 15130115    0    0     0 466948 3374 1136  0  2 97  1  0  0
 1  1      0   1024      0 15131364    0    0     0 467052 3335 1206  0  2 97  1  0  0
 1  1      0   2816      0 15129386    0    0     0 467024 3256 1085  0  2 97  1  0  0
 0  2      0   2916      0 15130022    0    0     0 466948 3456 1324  0  2 97  1  0  0
 1  1      0    512      0 15131827    0    0    16 465444 3752 1792  0  2 97  1  0  0
 1  1      0   1792      0 15130427    0    0     0 465584 3402 1195  0  2 97  1  0  0
 1  1      0   2816      0 15129441    0    0     0 465392 3432 1247  0  2 97  1  0  0
 2  0      0      0      0 15132221    0    0     0 463384 3383 1073  0  2 97  1  0  0
 2  0      0   2816      0 15129043    0    0     0 466948 3314 1122  0  2 97  1  0  0
 1  1      0   1536      0 15130805    0    0     0 470248 3482 1201  0  2 97  1  0  0
 2  1      0   2816      0 15129502    0    0     0 467740 3411 1057  0  2 97  1  0  0
 1  1      0   1792      0 15130500    0    0     0 463128 3414 1071  0  2 97  1  0  0
 1  0      0 16777824      0 15130618    0    0     0 340056 2884  540  0  3 97  0  0  0
 1  0      0 15088576      0 15130618    0    0     0     0 1209  349  1  2 97  0  0  0
 1  0      0 13389392      0 15130618    0    0     0     0 1128  199  1  2 97  0  0  0
 1  0      0 11695440      0 15130618    0    0     0     0 1106  151  1  2 97  0  0  0
 1  0      0 9997128      0 15130618    0    0     0    52 1308  373  1  2 97  0  0  0
procs -----------memory---------- ---swap-- -----io---- -system-- -------cpu-------
 r  b   swpd   free   buff  cache   si   so    bi    bo   in   cs us sy id wa st gu
 1  0      0 8300872      0 15130618    0    0     0     0 1154  271  1  2 97  0  0  0
 1  1      0 6642500      0 15130622    0    0     0 425748 3376  701  1  2 97  0  0  0
 1  1      0 4980292      0 15130622    0    0     0 446708 3493  795  1  2 97  0  0  0
 1  1      0 3316292      0 15130622    0    0     0 442368 3376  632  1  2 97  0  0  0
 1  1      0 1643332      0 15130622    0    0     0 311404 2725  630  1  2 97  0  0  0
33  0      0   3584      0 15126939    0    0     0 434432 3529  797  1  2 97  0  0  0
33  0      0   3836      0 15126938    0    0     0 16384 30952 1564 81  0 19  0  0  0
32  0      0   3836      0 15126938    0    0     0     0 38491  430 99  0  1  0  0  0
32  0      0   3836      0 15126938    0    0     0     0 38375  576 100  0  0  0  0  0
20  0      0   4624      0 15126940    0    0     0     0 31703  781 86  0 14  0  0  0
 1  0      0   5440      0 15126940    0    0     0    68 10368  521 27  0 72  0  0  0
32  0      0  29440      0 12070935    0    0     0     0 21120 4316  4 57 38  0  0  0
32  0      0   1536      0 10925412    0    0     0    80 31781 1950 75 22  3  0  0  0
32  0      0   1460      0 10925412    0    0     0     0 32546  382 100  0  0  0  0  0
32  0      0   1460      0 10925412    0    0     0     0 32291  365 100  0  0  0  0  0
32  0      0   1460      0 10925410    0    0     0     0 32401  434 100  0  0  0  0  0
23  0      0   1716      0 10925410    0    0     0    12 31229  834 95  0  5  0  0  0
19  0      0   1952      0 10925409    0    0     0     0 22187  333 64  0 36  0  0  0
33  0      0   1280      0 10055472    0    0     0     0 16441 2170 39  6 55  0  0  0
24  0      0   1024      0 7043790    0    0     0     0 31986 4183 47 49  5  0  0  0
32  0      0    768      0 6723925    0    0     0     0 26714 1877 75  3 22  0  0  0
procs -----------memory---------- ---swap-- -----io---- -system-- -------cpu-------
 r  b   swpd   free   buff  cache   si   so    bi    bo   in   cs us sy id wa st gu
32  0      0    352      0 6723922    0    0     0    24 28379 1387 79  4 17  0  0  0
32  0      0    352      0 6723922    0    0     0    80 45431  498 99  1  0  0  0  0
32  0      0    352      0 6723922    0    0     0     0 48373  404 99  1  0  0  0  0
32  0      0    352      0 6723922    0    0     0     0 58109  582 98  2  0  0  0  0
32  0      0    352      0 6723922    0    0     0     0 76224  641 97  3  0  0  0  0
20  0      0   1144      0 6723922    0    0     0     0 47150  510 75  2 24  0  0  0
 1  0      0   1896      0 6723922    0    0     0    12 21744  409 43  1 56  0  0  0
32  0      0     52      0 6723921    0    0     0     0 23660 2058 66  4 30  0  0  0
 1  0      0   2624      0 6723921    0    0     0     0 27991 1149 84  0 16  0  0  0
 1  0      0   2624      0 6723921    0    0     0     0 1132  147  3  0 97  0  0  0
 1  0      0   2624      0 6723921    0    0     0   140 1178  212  3  0 97  0  0  0
 1  0      0   2624      0 6723921    0    0     0     0 1185  268  3  0 97  0  0  0
 1  0      0   2396      0 6723921    0    0     0    12 1137  170  3  0 97  0  0  0
 1  0      0   2396      0 6723921    0    0     0     0 1125  154  3  0 97  0  0  0
 1  0      0   2396      0 6723921    0    0     0     0 1111  167  3  0 97  0  0  0
 1  0      0   2520      0 6723921    0    0     0     0 1177  337  3  1 97  0  0  0
 1  0      0   2520      0 6723921    0    0     0     4 1177  293  2  1 97  0  0  0
 1  0      0   2532      0 6723921    0    0     0     0 1111  163  2  1 97  0  0  0
 1  0      0   2532      0 6723921    0    0     0    12 1245  435  3  0 97  0  0  0
 1  0      0   2532      0 6723921    0    0     0     0 1141  262  2  1 97  0  0  0
 1  0      0   2532      0 6723921    0    0     0     0 1111  180  2  1 97  0  0  0
procs -----------memory---------- ---swap-- -----io---- -system-- -------cpu-------
 r  b   swpd   free   buff  cache   si   so    bi    bo   in   cs us sy id wa st gu
 1  0      0   2532      0 6723921    0    0     0     0 1112  154  3  0 97  0  0  0
 1  0      0   2532      0 6723921    0    0     0     4 1087  145  3  1 97  0  0  0
 1  0      0 1011124      0 6723921    0    0     0     0 1163  287  2  1 97  0  0  0
 1  0      0 7492616      0 7638708    0    0     0    12 1107  177  0  3 97  0  0  0
 0  2      0 5996040      0 9135369    0    0     0 90120 1545  332  0  3 97  0  0  0
 1  1      0 5394872      0 9736223    0    0     0 468996 3382  754  0  2 97  1  0  0
 2  0      0 4875448      0 10255618    0    0     0 468988 3412  833  0  2 97  1  0  0
 1  1      0 4381112      0 10749842    0    0     0 462836 3222  685  0  2 97  1  0  0
 2  0      0 3903928      0 11227205    0    0     0 458984 3196  662  0  2 97  1  0  0
 1  1      0 3426748      0 11704432    0    0     0 475140 3255  703  0  2 97  1  0  0
 2  1      0 2945468      0 12185786    0    0     0 466948 3253  753  0  2 97  1  0  0
 2  1      0 2466236      0 12665086    0    0     0 466948 3184  662  0  2 97  1  0  0
 1  1      0 1989052      0 13142237    0    0     0 466948 3155  654  0  2 97  1  0  0
 0  2      0 1510844      0 13620472    0    0     0 467064 3199  637  0  2 97  1  0  0
 1  2      0 1037112      0 14094421    0    0     0 467128 3304  887  0  2 97  1  0  0
 2  1      0 554552      0 14577015    0    0     0 466948 3221  666  0  2 97  1  0  0
 1  1      0  76600      0 15054739    0    0     0 466948 3152  641  0  2 97  1  0  0
 0  2      0   1280      0 15130141    0    0     0 466948 3303 1136  0  2 97  1  0  0
 1  1      0   3072      0 15128499    0    0     0 467064 3289 1196  0  2 97  1  0  0
 2  0      0    768      0 15130766    0    0     0 458844 3268 1075  0  2 97  1  0  0
 1  1      0   3072      0 15128190    0    0     0 466948 3231 1062  0  2 97  1  0  0
procs -----------memory---------- ---swap-- -----io---- -system-- -------cpu-------
 r  b   swpd   free   buff  cache   si   so    bi    bo   in   cs us sy id wa st gu
 1  1      0    256      0 15131409    0    0     0 467104 3293 1089  0  2 97  1  0  0
 2  1      0      0      0 15131492    0    0     0 463936 3332 1165  0  2 97  1  0  0
 2  1      0    512      0 15131170    0    0     0 467768 3302 1058  0  2 97  1  0  0
 0  2      0   1536      0 15129946    0    0     0 468568 3401 1104  0  2 97  1  0  0
 1  1      0      0      0 15131961    0    0     0 467568 3402 1153  0  2 97  1  0  0
 1  1      0    512      0 15131505    0    0     0 466900 3355 1170  0  2 97  1  0  0
 1  2      0   2816      0 15129318    0    0     0 465492 3446 1370  0  2 97  1  0  0
 2  1      0   2816      0 15129067    0    0     0 466796 3391 1058  0  2 97  1  0  0
 1  1      0   2304      0 15129459    0    0     0 467512 3403 1078  0  2 97  1  0  0
 2  0      0   2048      0 15129705    0    0     0 465976 3405 1146  0  2 97  1  0  0
 1  1      0    768      0 15130549    0    0     0 463144 3528 1184  0  2 97  1  0  0
 2  0      0   2560      0 15128877    0    0     0 464976 3387 1167  0  2 97  1  0  0
 1  1      0   2304      0 15129283    0    0     0 475140 3283 1082  0  2 97  1  0  0
 1  1      0    512      0 15131042    0    0     0 466948 3364 1227  0  2 97  1  0  0
 1  1      0 5356376      0 15128443    0    0     0 466948 3391 1056  0  3 97  0  0  0
 1  0      0 16188236      0 15128443    0    0     0 122880 1790  306  0  3 97  0  0  0
 1  0      0 14503756      0 15128443    0    0     0   104 1155  211  1  2 97  0  0  0
 1  0      0 12845900      0 15128443    0    0     0     0 1170  276  1  2 97  0  0  0
 1  0      0 11159628      0 15128443    0    0     0     0 1164  200  1  2 97  0  0  0
 1  0      0 9494072      0 15128443    0    0     0     0 1101  168  1  2 97  0  0  0
 1  1      0 7838776      0 15128443    0    0     0 327680 2781  511  1  2 97  0  0  0
procs -----------memory---------- ---swap-- -----io---- -system-- -------cpu-------
 r  b   swpd   free   buff  cache   si   so    bi    bo   in   cs us sy id wa st gu
 3  0      0 6163000      0 15128443    0    0     0 467000 3555  772  1  2 97  0  0  0
 1  1      0 4502840      0 15128443    0    0     0 458752 3428  634  1  2 97  0  0  0
 1  1      0 2846264      0 15128443    0    0     0 450560 3483  717  1  2 97  0  0  0
 1  0      0 1166904      0 15128443    0    0     0 393276 3132  624  1  2 97  0  0  0
32  0      0    908      0 15128447    0    0     0     0 6167  884 17  2 81  0  0  0
32  0      0    908      0 15128447    0    0     0     0 29986 1148 92  0  8  0  0  0
32  0      0    908      0 15128447    0    0     0     0 30515  926 93  0  7  0  0  0
32  0      0    908      0 15128447    0    0     0     0 30883  760 95  0  5  0  0  0
19  0      0   2080      0 15128447    0    0     0     0 28156 1097 84  0 16  0  0  0
32  0      0    768      0 12590330    0    0     0    40 21096 3406 12 48 40  0  0  0
32  0      0   1536      0 10925697    0    0     0     0 31431 2662 63 30  7  0  0  0
32  0      0   1536      0 10925697    0    0     0     0 31136  898 94  0  6  0  0  0
32  0      0   1604      0 10925697    0    0     0     0 37238 1222 98  0  2  0  0  0
32  0      0   1360      0 10925695    0    0     0     0 32307  380 100  0  0  0  0  0
29  0      0   1360      0 10925695    0    0     0     0 31691  381 98  0  2  0  0  0
19  0      0   1896      0 10925693    0    0     0    12 25173  524 74  0 26  0  0  0
33  0      0    768      0 10832967    0    0     0     0 14187  731 39  1 60  0  0  0
32  0      0  22016      0 7520364    0    0     0     0 29108 5889 54 32 14  0  0  0
32  0      0    336      0 6723726    0    0     0     0 25520 2276 66  9 25  0  0  0
32  0      0   1080      0 6723694    0    0     0     0 26479 1606 77  0 23  0  0  0
33  0      0   1080      0 6723694    0    0     0     0 31487  929 97  0  3  0  0  0
procs -----------memory---------- ---swap-- -----io---- -system-- -------cpu-------
 r  b   swpd   free   buff  cache   si   so    bi    bo   in   cs us sy id wa st gu
32  0      0   1064      0 6723694    0    0     0    12 32485  290 100  0  0  0  0  0
32  0      0   1064      0 6723694    0    0     0     0 32316  433 100  0  0  0  0  0
32  0      0    488      0 6723694    0    0     0     0 32337  488 100  0  0  0  0  0
20  0      0   1000      0 6723694    0    0     0     8 28543  573 85  0 15  0  0  0
 5  0      0   1292      0 6723694    0    0     0     0 17923  412 49  0 50  0  0  0
32  0      0   1004      0 6723694    0    0     0     0 22781 1548 64  2 33  0  0  0
 1  0      0   2252      0 6723694    0    0     0    32 29316 1229 86  0 14  0  0  0
 1  0      0   2252      0 6723694    0    0     0     0 1152  244  3  0 97  0  0  0
 1  0      0   2012      0 6723694    0    0     0   176 1406  257  3  0 97  0  0  0
 1  0      0   2012      0 6723694    0    0     0     0 1135  186  3  0 97  0  0  0
 1  0      0   2012      0 6723694    0    0     0     0 1123  163  3  0 97  0  0  0
 1  0      0   2064      0 6723694    0    0     0     0 1223  371  3  0 97  0  0  0
 2  0      0   2064      0 6723694    0    0     0    12 1121  192  2  1 97  0  0  0
 1  0      0   2064      0 6723694    0    0     0     4 1113  155  2  1 97  0  0  0
 1  0      0   2180      0 6723694    0    0     0     0 1107  191  2  1 97  0  0  0
 1  0      0   2260      0 6723694    0    0     0     0 1175  287  3  0 97  0  0  0
 1  0      0   2260      0 6723694    0    0     0     0 1145  201  3  1 97  0  0  0
 1  0      0   2260      0 6723694    0    0     0     0 1117  174  3  1 97  0  0  0
 1  0      0   2260      0 6723694    0    0     0    12 1102  163  3  0 97  0  0  0
 1  0      0   2260      0 6723694    0    0     0     4 1182  280  3  0 97  0  0  0
 1  0      0   2260      0 6723694    0    0     0     0 1090  151  3  0 97  0  0  0
procs -----------memory---------- ---swap-- -----io---- -system-- -------cpu-------
 r  b   swpd   free   buff  cache   si   so    bi    bo   in   cs us sy id wa st gu
 1  0      0 7945464      0 7185482    0    0     0     0 1189  260  1  3 97  0  0  0
 1  0      0 6290424      0 8840651    0    0     0     0 1153  282  0  3 97  0  0  0
 2  1      0 5541368      0 9589626    0    0     0 427088 3253  957  0  2 97  1  0  0
 1  1      0 5005304      0 10125544    0    0     0 474136 3492 1254  0  2 97  1  0  0
 1  1      0 4507128      0 10623684    0    0     0 466944 3273  657  0  3 96  1  0  0
 1  1      0 4031224      0 11099654    0    0     0 466952 3226  687  0  3 97  1  0  0
 1  1      0 3549176      0 11581685    0    0     0 466952 3305  876  0  2 97  1  0  0
 1  1      0 3070888      0 12060108    0    0     0 467084 3228  660  0  2 96  1  0  0
 0  2      0 2585256      0 12545708    0    0     0 475212 3227  687  0  3 97  1  0  0
 1  1      0 2110632      0 13020277    0    0     0 466948 3125  638  0  2 97  1  0  0
 1  1      0 1629864      0 13501192    0    0     0 466948 3296  839  0  3 96  1  0  0
 2  0      0 1152844      0 13978185    0    0     0 458756 3184  666  0  2 97  1  0  0
 1  2      0 672844      0 14458054    0    0     0 475428 3248  667  0  3 96  1  0  0
 1  1      0 194636      0 14936205    0    0     0 466948 3204  720  0  3 97  1  0  0
 0  2      0   1792      0 15129142    0    0     0 466948 3244  995  0  3 97  1  0  0
 1  1      0   1280      0 15129647    0    0     0 466948 3301 1111  0  3 97  1  0  0
 2  0      0   1280      0 15129727    0    0     0 466948 3235 1057  0  3 97  1  0  0
 1  2      0   1792      0 15129014    0    0     0 467156 3268 1055  0  3 97  1  0  0
 2  0      0   3584      0 15127387    0    0     0 458756 3339 1181  0  3 97  1  0  0
 1  1      0    768      0 15130217    0    0     0 468996 3340 1053  0  3 97  1  0  0
 1  1      0   1280      0 15129693    0    0     0 468780 3435 1126  0  3 96  1  0  0
procs -----------memory---------- ---swap-- -----io---- -system-- -------cpu-------
 r  b   swpd   free   buff  cache   si   so    bi    bo   in   cs us sy id wa st gu
 2  1      0   1280      0 15129836    0    0     0 468652 3408 1067  0  3 96  1  0  0
 1  1      0    256      0 15131029    0    0     0 459220 3357 1258  0  3 97  1  0  0
 2  0      0   1792      0 15129350    0    0     0 469260 3436 1172  0  3 96  1  0  0
 1  1      0   1536      0 15129334    0    0     0 475140 3335 1079  0  3 97  1  0  0
 2  1      0   2816      0 15128419    0    0     0 466948 3335 1134  0  3 97  1  0  0
 1  1      0   1792      0 15129389    0    0     0 466948 3314 1179  0  3 97  1  0  0
 0  2      0      0      0 15131374    0    0     0 463732 3298 1055  0  3 96  1  0  0
 2  0      0   1536      0 15129737    0    0     0 466080 3383 1060  0  3 96  1  0  0
 1  1      0    256      0 15131061    0    0     0 470652 3375 1068  0  3 97  1  0  0
 2  0      0   2304      0 15129030    0    0     0 467612 3394 1255  0  3 97  1  0  0
 1  1      0   1792      0 15129511    0    0     0 458756 3293 1073  0  3 96  1  0  0
 2  0      0 1481280      0 15128217    0    0     0 475240 3319 1174  0  3 96  1  0  0
 1  0      0 16571204      0 15128219    0    0     0 270408 2612  466  0  3 97  0  0  0
 1  0      0 14895428      0 15128219    0    0     0     0 1136  237  1  2 97  0  0  0
 1  0      0 13214788      0 15128219    0    0     0     0 1158  209  1  2 97  0  0  0
 1  0      0 11555652      0 15128219    0    0     0     0 1097  148  1  2 97  0  0  0
 1  0      0 9898324      0 15128219    0    0     0    48 1126  203  1  2 97  0  0  0
 1  1      0 8207188      0 15128219    0    0     0  8024 1170  258  1  2 97  0  0  0
 1  1      0 6555476      0 15128219    0    0     0 458424 3498  672  1  3 97  0  0  0
 2  0      0 4900180      0 15128219    0    0     0 459252 3545  799  1  3 96  0  0  0
 2  1      0 3241264      0 15128220    0    0     0 457792 3462  681  1  3 97  0  0  0
procs -----------memory---------- ---swap-- -----io---- -system-- -------cpu-------
 r  b   swpd   free   buff  cache   si   so    bi    bo   in   cs us sy id wa st gu
 1  1      0 1585172      0 15128115    0    0     0 451608 3688  969  1  3 96  0  0  0
32  0      0   5180      0 15128115    0    0     0 221184 3152  685  3  3 94  0  0  0
32  0      0   5180      0 15128115    0    0     0     0 29354 1297 90  0 10  0  0  0
32  0      0   5180      0 15128115    0    0     0     0 31345  580 97  0  3  0  0  0
32  0      0   5180      0 15128115    0    0     0     0 31310  737 97  0  3  0  0  0
20  0      0   5784      0 15128113    0    0     0   140 27434  489 82  0 18  0  0  0
32  0      0  34048      0 13211412    0    0     0    52 17277 2853 21 27 52  0  0  0
32  0      0   1792      0 10928116    0    0     0     0 31787 2653 48 48  4  0  0  0
32  0      0   1792      0 10928116    0    0     0     0 32271 1094 98  0  2  0  0  0
32  0      0   1628      0 10928116    0    0     0     0 32339  400 100  0  0  0  0  0
32  0      0   1628      0 10928114    0    0     0     0 32277  408 100  0  0  0  0  0
30  0      0   1888      0 10928114    0    0     0     0 32208  394 99  0  1  0  0  0
20  0      0   2144      0 10928100    0    0     0    12 23761  584 71  0 29  0  0  0
 1  0      0   3308      0 10928100    0    0     0     0 15557  400 44  0 56  0  0  0
32  0      0      0      0 7712347    0    0     0     0 28400 5686 51 32 16  0  0  0
32  0      0    584      0 6727438    0    0     0     0 27697 2334 70 11 19  0  0  0
32  0      0    284      0 6727424    0    0     0     0 25617 1789 75  1 24  0  0  0
32  0      0    220      0 6727424    0    0     0     0 38483  403 100  0  0  0  0  0
32  0      0    220      0 6727424    0    0     0    12 38821  793 100  0  0  0  0  0
32  0      0    220      0 6727424    0    0     0     0 38416  424 98  1  1  0  0  0
32  0      0    220      0 6727424    0    0     0     0 42081  607 99  1  0  0  0  0
procs -----------memory---------- ---swap-- -----io---- -system-- -------cpu-------
 r  b   swpd   free   buff  cache   si   so    bi    bo   in   cs us sy id wa st gu
21  0      0    748      0 6727424    0    0     0     0 32350 1072 84  1 15  0  0  0
 3  0      0   1524      0 6727424    0    0     0     0 23202  348 50  1 50  0  0  0
32  0      0    408      0 6727424    0    0     0     0 21612 1452 61  3 36  0  0  0
22  0      0    668      0 6727424    0    0     0    12 28621 1583 85  0 15  0  0  0
 1  0      0   1188      0 6727424    0    0     0     0 2187  386  4  0 96  0  0  0
 1  0      0   1188      0 6727424    0    0     0     0 1122  164  3  0 97  0  0  0
 1  0      0   1188      0 6727424    0    0     0   120 1119  151  3  0 97  0  0  0
 1  0      0   1496      0 6727424    0    0     0     0 1297  449  3  0 97  0  0  0
 1  0      0   1496      0 6727424    0    0     0     0 1112  175  3  0 97  0  0  0
 1  0      0   1496      0 6727424    0    0     0    32 1110  202  2  1 97  0  0  0
 1  0      0   1496      0 6727424    0    0     0     0 1094  170  2  1 97  0  0  0
 1  0      0   1496      0 6727424    0    0     0     0 1154  263  2  1 97  0  0  0
 1  0      0   1496      0 6727424    0    0     0     0 1130  191  2  1 97  0  0  0
 1  0      0   1496      0 6727424    0    0     0     0 1109  158  2  1 97  0  0  0
 1  0      0   1496      0 6727424    0    0     0     0 1100  150  2  1 97  0  0  0
 1  0      0   1496      0 6727424    0    0     0    12 1136  261  3  0 97  0  0  0
 1  0      0   2796      0 6727424    0    0     0     0 1575  728  2  1 97  0  0  0
 1  0      0   2796      0 6727424    0    0     0    24 1135  255  2  1 97  0  0  0
 1  0      0   2796      0 6727424    0    0     0     0 1103  183  2  1 97  0  0  0
 1  0      0   2796      0 6727424    0    0     0     0 1152  309  2  1 97  0  0  0
 1  0      0 7870480      0 7264921    0    0     0     0 1124  202  0  3 97  0  0  0
procs -----------memory---------- ---swap-- -----io---- -system-- -------cpu-------
 r  b   swpd   free   buff  cache   si   so    bi    bo   in   cs us sy id wa st gu
 2  0      0 6248464      0 8886726    0    0     0   316 1238  320  0  3 97  0  0  0
 1  1      0 5335824      0 9799426    0    0     0 442400 3213  723  0  2 97  1  0  0
 1  1      0 4858488      0 10276912    0    0     0 467972 3636  978  0  2 97  1  0  0
 0  2      0 4380024      0 10755516    0    0     0 467972 3333  755  0  2 97  1  0  0
 1  1      0 3903864      0 11231534    0    0     0 466948 3317  662  0  2 97  1  0  0
 1  1      0 3425528      0 11709588    0    0     0 465040 3376  816  0  2 97  1  0  0
 3  0      0 2947420      0 12188659    0    0     0 467052 3433  950  0  2 97  1  0  0
 1  1      0 2468188      0 12667703    0    0     0 475140 3282  814  0  2 97  1  0  0
 0  2      0 1992260      0 13143610    0    0     0 458760 3231  707  0  2 97  1  0  0
 1  1      0 1515844      0 13619976    0    0     0 466948 3219  674  0  2 97  1  0  0
 2  1      0 1037372      0 14098736    0    0     0 475268 3287  767  0  2 97  1  0  0
 0  2      0 560444      0 14575607    0    0     0 475140 3241  711  0  2 97  1  0  0
 0  2      0  80188      0 15055795    0    0     0 458756 3220  676  0  2 97  1  0  0
 0  2      0   3072      0 15133042    0    0     0 467048 3362 1102  0  2 97  1  0  0
 0  2      0   2560      0 15133524    0    0     0 466948 3398 1358  0  2 97  1  0  0
 0  2      0   2560      0 15133387    0    0     0 475436 3369 1167  0  3 97  1  0  0
 2  1      0   1280      0 15134261    0    0     0 466948 3342 1192  0  3 97  1  0  0
 2  1      0   1536      0 15133877    0    0     0 466948 3275 1071  0  3 97  1  0  0
 1  2      0   3072      0 15132561    0    0     0 466948 3404 1312  0  3 96  1  0  0
 2  0      0   1536      0 15134093    0    0     0 475140 3256 1081  0  3 96  1  0  0
 1  1      0   3072      0 15132638    0    0     0 467136 3292 1091  0  3 97  1  0  0
procs -----------memory---------- ---swap-- -----io---- -system-- -------cpu-------
 r  b   swpd   free   buff  cache   si   so    bi    bo   in   cs us sy id wa st gu
 1  1      0   1024      0 15134579    0    0     0 460736 3354 1105  0  3 96  1  0  0
 1  1      0   1792      0 15133807    0    0     0 471552 3397 1175  0  3 97  1  0  0
 1  1      0   2816      0 15132596    0    0     0 468556 3323 1077  0  3 97  1  0  0
 1  1      0   1280      0 15134224    0    0     0 466948 3272 1053  0  3 97  1  0  0
 1  1      0   1792      0 15133380    0    0     0 464472 3243 1070  0  3 97  1  0  0
 2  0      0   3072      0 15132350    0    0     0 463552 3476 1318  0  3 97  1  0  0
 1  1      0   2304      0 15133155    0    0     0 468688 3402 1147  0  3 97  1  0  0
 1  1      0   2048      0 15133254    0    0     0 463160 3427 1188  0  3 96  1  0  0
 1  1      0      0      0 15135234    0    0     0 473456 3341 1159  0  3 96  1  0  0
 1  1      0   2048      0 15133265    0    0     0 468736 3402 1265  0  3 97  1  0  0
 1  1      0 4090816      0 15133868    0    0     0 466948 3424 1085  0  3 96  1  0  0
 1  0      0 16705884      0 15234393    0    0 50688 147456 2114  645  1  2 97  0  0  0
 1  0      0 16392796      0 15547488    0    0 155136     0 1632 1103  2  1 97  1  0  0
 1  0      0 16077660      0 15862601    0    0 155648     0 1647 1183  2  1 97  1  0  0
 0  1      0 15761500      0 16178778    0    0 155648   208 1646 1109  2  1 97  1  0  0
 1  0      0 15446876      0 16493419    0    0 153600     0 1617 1091  2  1 97  1  0  0
 1  1      0 15176796      0 16763315    0    0 133120 98304 1927 1176  2  1 96  2  0  0
 1  1      0 15040604      0 16899510    0    0 67584 356364 3152 1558  1  2 93  4  0  0
 1  1      0 14908252      0 17032088    0    0 65024 368652 3261 1777  1  2 93  4  0  0
 1  1      0 14780764      0 17159451    0    0 62976 364584 3053 1326  1  2 93  4  0  0
 2  0      0 14660188      0 17280092    0    0 58368 370684 3089 1297  1  1 94  3  0  0
procs -----------memory---------- ---swap-- -----io---- -system-- -------cpu-------
 r  b   swpd   free   buff  cache   si   so    bi    bo   in   cs us sy id wa st gu
 0  2      0 14523484      0 17416801    0    0 68096 354084 3082 1601  1  1 97  1  0  0
 1  0      0 14335836      0 17604496    0    0 91648 241888 2593 1269  2  1 97  1  0  0
 1  0      0 14021724      0 17918475    0    0 155648     0 1594 1060  2  1 97  1  0  0
 1  0      0 13704796      0 18235620    0    0 155648   176 1642 1088  2  1 97  1  0  0
 1  0      0 13390684      0 18549595    0    0 155648    88 1719 1269  2  1 97  1  0  0
 1  0      0 13074268      0 18865683    0    0 155648     0 1613 1070  2  1 97  1  0  0
 1  0      0 12756316      0 19183882    0    0 155648     0 1642 1124  2  1 97  1  0  0
 1  0      0 12437596      0 19502563    0    0 156672     0 1594 1053  2  1 97  1  0  0
 0  1      0 12121180      0 19819223    0    0 156672    16 1639 1193  2  1 97  1  0  0
 1  0      0 11805788      0 20134176    0    0 154368     0 1636 1197  2  1 97  1  0  0
 0  1      0 11496028      0 20444045    0    0 153856     0 1625 1163  2  1 97  1  0  0
 0  1      0 11177820      0 20762214    0    0 156672     0 1597 1066  2  1 97  1  0  0
 1  0      0 10861660      0 21078301    0    0 155648     0 1608 1160  2  1 97  1  0  0
 0  1      0 10547804      0 21392309    0    0 154624    20 1597 1103  2  1 97  1  0  0
 1  0      0 10232156      0 21707918    0    0 153600     0 1646 1203  2  1 97  1  0  0
 1  0      0 9917532      0 22022439    0    0 155648     0 1574 1068  2  1 97  1  0  0
 1  0      0 9598300      0 22341627    0    0 157696     0 1661 1223  2  1 97  1  0  0
 0  2      0 9426012      0 22513974    0    0 84480 294892 2837 1431  1  1 97  1  0  0
 1  0      0 9272924      0 22667057    0    0 76288 311400 2850 1338  1  1 97  1  0  0
 1  0      0 8954716      0 22985255    0    0 155648     0 1592 1085  2  1 97  1  0  0
 1  0      0 8638556      0 23301344    0    0 155648    80 1663 1184  2  1 97  1  0  0
procs -----------memory---------- ---swap-- -----io---- -system-- -------cpu-------
 r  b   swpd   free   buff  cache   si   so    bi    bo   in   cs us sy id wa st gu
 1  0      0 8321116      0 23618996    0    0 155648     0 1578 1054  2  1 97  1  0  0
 0  1      0 8005212      0 23934928    0    0 156672     0 1593 1050  2  1 97  1  0  0
 1  0      0 7686788      0 24253771    0    0 156672   152 2029 1253  2  1 97  1  0  0
 1  1      0 7499652      0 24440926    0    0 92160 253956 2620 1345  2  1 97  1  0  0
 2  1      0 7370372      0 24569856    0    0 63488 368536 3029 1332  1  1 97  1  0  0
 1  1      0 7244932      0 24695396    0    0 62208 344168 2913 1311  1  1 97  1  0  0
 1  1      0 7125380      0 24814931    0    0 58624 360344 2927 1245  1  0 97  1  0  0
 0  2      0 6999172      0 24941036    0    0 62464 344504 3079 1594  1  1 97  1  0  0
 1  1      0 6873476      0 25066865    0    0 61440 360416 2968 1258  2  1 97  1  0  0
 2  0      0 6748548      0 25191634    0    0 61440 352360 2943 1283  1  0 97  1  0  0
 1  2      0 6615684      0 25324726    0    0 65536 360448 2934 1282  1  0 97  1  0  0
 1  1      0 6493828      0 25446361    0    0 60416 352256 2989 1365  1  0 97  1  0  0
 1  1      0 6369660      0 25571133    0    0 61440 360660 2998 1346  2  0 97  1  0  0
 1  1      0 6241660      0 25698528    0    0 61952 360448 3010 1361  1  1 97  1  0  0
 2  0      0 6114940      0 25825276    0    0 62976 344064 2853 1308  1  0 97  1  0  0
 1  2      0 5974908      0 25965729    0    0 69120 352256 3015 1601  1  1 97  1  0  0
 1  0      0 5688956      0 26251648    0    0 141056 40960 1797 1099  2  1 97  1  0  0
 0  1      0 5372284      0 26568249    0    0 156160    68 1552 1065  2  1 97  1  0  0
 1  0      0 5056124      0 26884337    0    0 155904     0 1575 1074  2  1 97  1  0  0
 0  1      0 4741244      0 27199361    0    0 154624     0 1578 1146  2  1 97  1  0  0
 1  0      0 4423036      0 27517437    0    0 156672     0 1611 1108  2  1 97  1  0  0
procs -----------memory---------- ---swap-- -----io---- -system-- -------cpu-------
 r  b   swpd   free   buff  cache   si   so    bi    bo   in   cs us sy id wa st gu
 0  2      0 4249724      0 27690755    0    0 85760 286720 2680 1312  1  0 97  1  0  0
 1  1      0 4123804      0 27816804    0    0 61696 352360 2963 1367  1  0 97  1  0  0
 1  1      0 3997852      0 27942593    0    0 61440 352256 2996 1446  1  1 97  1  0  0
 0  1      0 3784092      0 28156486    0    0 106240 185344 2312 1178  2  1 97  1  0  0
 0  1      0 3467932      0 28472674    0    0 155904     0 1581 1088  2  1 97  1  0  0
 1  0      0 3150748      0 28789727    0    0 155648     0 1626 1185  2  1 97  1  0  0
 1  0      0 2836892      0 29103647    0    0 154624    52 1610 1165  2  1 97  1  0  0
 1  0      0 2517660      0 29422780    0    0 156672     0 1636 1205  2  1 97  1  0  0
 1  0      0 2202780      0 29737719    0    0 155648     0 1526 1039  2  1 97  1  0  0
 1  0      0 1885596      0 30054776    0    0 155648     0 1558 1057  2  1 97  1  0  0
 1  0      0 1570460      0 30369723    0    0 155648     0 1618 1175  2  1 97  1  0  0
 1  0      0 1254300      0 30685719    0    0 155648    84 1596 1144  2  1 97  1  0  0
 1  0      0 940444      0 30999639    0    0 154624     0 1521 1036  2  1 97  1  0  0
 1  0      0 624028      0 31316151    0    0 155904     8 1544 1049  2  1 97  1  0  0
 0  1      0 310684      0 31629554    0    0 154368     0 1642 1208  2  1 97  1  0  0
 1  0      0   4096      0 31936128    0    0 154112     0 1714 1388  2  1 97  1  0  0
 1  0      0    256      0 31939805    0    0 150528   120 1612 1214  2  1 97  1  0  0
 1  0      0   6144      0 31934081    0    0 147968     0 1546 1148  2  1 97  1  0  0
 1  0      0    768      0 31939325    0    0 150784     0 1631 1276  2  1 97  1  0  0
 1  0      0   3328      0 31936703    0    0 150272     0 1626 1283  2  1 97  1  0  0
 1  0      0   7680      0 31932521    0    0 149504     0 1576 1149  2  1 97  1  0  0
procs -----------memory---------- ---swap-- -----io---- -system-- -------cpu-------
 r  b   swpd   free   buff  cache   si   so    bi    bo   in   cs us sy id wa st gu
 1  0      0   4608      0 31935876    0    0 148992    40 1668 1288  2  1 97  1  0  0
 1  0      0   1536      0 31938875    0    0 150016     0 1599 1258  2  1 97  1  0  0
 1  0      0   7680      0 31932646    0    0 147456     0 1564 1137  2  1 97  1  0  0
 1  0      0   2048      0 31938241    0    0 103936 180224 2261 1317  2  1 97  1  0  0
 1  0      0   6144      0 31934310    0    0 150016     0 1619 1204  2  1 97  1  0  0
 1  0      0   4608      0 31935972    0    0 147456    36 1675 1315  2  1 97  1  0  0
 0  1      0   3072      0 31937567    0    0 149504     0 1574 1167  2  1 97  1  0  0
 1  0      0   7168      0 31933383    0    0 149504     0 1554 1150  2  1 97  1  0  0
 1  1      0   4352      0 31936437    0    0 133120 68612 1833 1225  2  1 97  1  0  0
 2  0      0   3072      0 31937613    0    0 59392 360448 2995 1436  1  1 97  1  0  0
 1  1      0   3840      0 31936737    0    0 57344 368712 3039 1428  1  1 97  1  0  0
 2  1      0   2560      0 31938242    0    0 59392 352256 2864 1283  1  1 97  1  0  0
 1  1      0      0      0 31940566    0    0 63488 344064 2955 1462  1  1 97  1  0  0
 1  1      0   1536      0 31939062    0    0 61440 352256 3017 1569  1  1 97  1  0  0
 1  1      0   7168      0 31933604    0    0 59392 360448 2933 1343  1  1 97  1  0  0
 2  1      0   4096      0 31936682    0    0 59392 368732 3089 1382  1  1 97  1  0  0
 2  1      0   6912      0 31933560    0    0 64768 344064 3050 1610  1  1 97  1  0  0
 0  2      0   1280      0 31939370    0    0 61696 344064 2976 1463  1  1 97  1  0  0
 0  2      0   5376      0 31935273    0    0 59904 360448 2991 1340  1  1 97  1  0  0
 2  0      0   2816      0 31937929    0    0 63488 352256 2904 1376  1  1 97  1  0  0
 2  0      0   2816      0 31937764    0    0 63488 352456 3059 1592  1  1 97  1  0  0
procs -----------memory---------- ---swap-- -----io---- -system-- -------cpu-------
 r  b   swpd   free   buff  cache   si   so    bi    bo   in   cs us sy id wa st gu
 1  0      0   2304      0 31938424    0    0 130816 70656 1881 1270  2  1 97  1  0  0
 1  0      0   6400      0 31934314    0    0 149760     0 1548 1149  2  1 97  1  0  0
 1  0      0   5632      0 31934985    0    0 147456     0 1575 1231  2  1 97  1  0  0
 0  1      0   1024      0 31939650    0    0 150272     0 1554 1209  2  1 97  1  0  0
 1  0      0    256      0 31940640    0    0 148736    40 1597 1294  2  1 97  1  0  0
 1  1      0   3840      0 31936945    0    0 118784 117760 1981 1250  2  1 97  1  0  0
 2  0      0   4356      0 31936266    0    0 61440 352256 2948 1336  1  1 97  1  0  0
 0  2      0   4096      0 31936685    0    0 62464 359024 2961 1368  1  1 97  1  0  0
 1  0      0   5120      0 31935743    0    0 69632 312720 2857 1378  1  1 97  1  0  0
 1  0      0    768      0 31939965    0    0 150528   136 1653 1379  2  1 97  1  0  0
 1  0      0    512      0 31940011    0    0 147456     0 1587 1189  2  1 97  1  0  0
 0  1      0   4100      0 31936264    0    0 150528     0 1563 1232  2  1 97  1  0  0
 1  0      0   7168      0 31933222    0    0 145920     0 1624 1308  2  1 97  1  0  0
 1  0      0   6400      0 31934165    0    0 148736     0 1537 1180  2  1 97  1  0  0
 1  0      0   6400      0 31934410    0    0 148736    16 1625 1265  2  1 97  1  0  0
 0  1      0    256      0 31940570    0    0 146944     0 1826 1645  2  1 97  1  0  0
 1  0      0   2816      0 31938005    0    0 145920     0 1807 1496  2  1 97  1  0  0
 1  0      0   7680      0 31933228    0    0 149504     0 1849 1527  2  1 97  1  0  0
 0  1      0   3584      0 31937367    0    0 150528     0 1790 1486  2  1 97  1  0  0
 1  0      0   2304      0 31938403    0    0 148480    28 1942 1757  2  1 97  1  0  0
 1  0      0   2304      0 31938412    0    0 147456     0 1915 1741  2  1 97  1  0  0
procs -----------memory---------- ---swap-- -----io---- -system-- -------cpu-------
 r  b   swpd   free   buff  cache   si   so    bi    bo   in   cs us sy id wa st gu
 1  0      0   1280      0 31939503    0    0 148480     0 1766 1360  2  1 97  1  0  0
 1  0      0   2816      0 31937875    0    0 146432     0 1864 1551  2  1 97  1  0  0
 0  1      0      0      0 31940521    0    0 150528     0 1823 1486  2  1 97  1  0  0
 1  0      0   2816      0 31937790    0    0 145664    40 1586 1231  2  1 97  1  0  0
 1  0      0   5888      0 31934768    0    0 146688     0 1582 1174  2  1 97  1  0  0
 0  1      0   6912      0 31933652    0    0 147456     0 1529 1167  2  1 97  1  0  0
 0  1      0   5120      0 31935590    0    0 149760    76 1652 1320  2  1 97  1  0  0
 0  1      0   5888      0 31934770    0    0 147456     0 1547 1180  2  1 97  1  0  0
 1  0      0   6144      0 31934571    0    0 148224    56 1600 1253  2  1 97  1  0  0
 1  0      0   4608      0 31935970    0    0 147968     0 1543 1176  2  1 97  1  0  0
 1  0      0   3072      0 31937697    0    0 148480     0 1623 1276  2  1 97  1  0  0
 0  1      0    768      0 31939911    0    0 151040    84 1612 1276  2  1 97  1  0  0
 1  0      0      0      0 31940666    0    0 151040     0 1759 1669  2  1 97  1  0  0
 2  1      0   1536      0 31938958    0    0 130048 80040 1916 1312  2  1 97  1  0  0
 1  1      0   6144      0 31934421    0    0 58368 362360 3048 1418  1  1 97  1  0  0
 0  2      0   2560      0 31938079    0    0 66560 344068 3103 1664  1  1 97  1  0  0
 1  0      0   2048      0 31938603    0    0 80896 270336 2903 1568  1  1 97  1  0  0
 1  0      0    512      0 31940102    0    0 151552     0 1831 1527  2  1 97  1  0  0
 1  0      0    512      0 31940171    0    0 145408    88 1814 1490  2  1 97  1  0  0
 0  1      0   5888      0 31935038    0    0 146944     0 1557 1184  2  1 97  1  0  0
 0  1      0   2304      0 31938602    0    0 147456     0 1507 1163  2  1 97  1  0  0
procs -----------memory---------- ---swap-- -----io---- -system-- -------cpu-------
 r  b   swpd   free   buff  cache   si   so    bi    bo   in   cs us sy id wa st gu
 1  1      0   3840      0 31936577    0    0 146176 13020 1677 1320  2  1 97  1  0  0
 2  0      0   6912      0 31933926    0    0 65792 355624 3123 1640  1  1 97  1  0  0
 2  0      0   1536      0 31939391    0    0 56832 368756 3049 1376  1  1 97  1  0  0
 1  1      0   6400      0 31934335    0    0 62464 355576 2896 1326  1  1 97  1  0  0
 1  1      0   6656      0 31934288    0    0 60928 362416 3013 1342  1  1 97  1  0  0
 0  2      0   3072      0 31937602    0    0 63744 367324 3127 1484  1  1 97  1  0  0
 1  2      0   4096      0 31936514    0    0 64768 360348 3000 1406  1  1 97  1  0  0
 0  2      0   1280      0 31939308    0    0 59392 364856 3078 1424  1  1 97  1  0  0
 1  1      0    512      0 31940046    0    0 65536 359956 2962 1386  1  1 97  1  0  0
 0  2      0   4096      0 31936649    0    0 62464 360532 3120 1473  1  1 97  1  0  0
 1  2      0   4352      0 31936349    0    0 60928 368024 3041 1447  1  1 97  1  0  0
 1  1      0   3584      0 31937072    0    0 61952 352272 2959 1398  1  1 97  1  0  0
 0  2      0   7168      0 31933180    0    0 64000 360700 3016 1465  1  1 97  1  0  0
 1  1      0   6912      0 31933599    0    0 141568 17372 1724 1274  2  1 97  1  0  0
 1  0      0   5888      0 31934641    0    0 149760    80 1567 1171  2  1 97  1  0  0
 1  0      0   1280      0 31939179    0    0 147456     0 1587 1167  2  1 97  1  0  0
 1  0      0   7424      0 31932848    0    0 151552     0 1621 1278  2  1 97  1  0  0
 0  1      0    256      0 31940321    0    0 148480    48 1655 1382  2  1 97  1  0  0
 1  1      0   6656      0 31934011    0    0 89088 245652 2502 1318  2  1 97  1  0  0
 2  1      0   6912      0 31933553    0    0 61440 359588 2944 1327  1  1 97  1  0  0
 1  1      0   5632      0 31934821    0    0 61440 345032 2926 1387  1  1 97  1  0  0
procs -----------memory---------- ---swap-- -----io---- -system-- -------cpu-------
 r  b   swpd   free   buff  cache   si   so    bi    bo   in   cs us sy id wa st gu
 1  0      0   4096      0 31936408    0    0 108544 153600 2217 1294  2  1 97  1  0  0
 1  0      0   4352      0 31936230    0    0 149504   144 1646 1325  2  1 97  1  0  0
 1  0      0   4352      0 31936209    0    0 149504     0 1610 1279  2  1 97  1  0  0
 1  0      0   2304      0 31938314    0    0 149504     0 1543 1143  2  1 97  1  0  0
 0  1      0   4864      0 31935712    0    0 152320     0 1593 1276  2  1 97  1  0  0
 0  1      0   5632      0 31934645    0    0 149504     0 1547 1161  2  1 97  1  0  0
 1  0      0      0      0 31940485    0    0 152832    16 1690 1381  2  1 97  1  0  0
 1  0      0   1792      0 31938294    0    0 151552     0 1604 1185  2  1 97  1  0  0
 0  1      0      0      0 31939719    0    0 151296     0 1594 1235  2  1 97  1  0  0
 1  0      0   3328      0 31936775    0    0 151808     0 1677 1359  2  1 97  1  0  0
 1  0      0   1280      0 31938831    0    0 149504     8 1563 1171  2  1 97  1  0  0
 1  0      0    256      0 31939873    0    0 149504    44 1645 1326  2  1 97  1  0  0
 1  0      0   3328      0 31936754    0    0 148480     0 1599 1261  2  1 97  1  0  0
 1  0      0   1280      0 31938813    0    0 150528     0 1536 1144  2  1 97  1  0  0
 1  0      0   4864      0 31935193    0    0 151552     0 1558 1178  2  1 97  1  0  0
 1  0      0   1024      0 31939320    0    0 151552     0 1604 1277  2  1 97  1  0  0
 1  0      0   4608      0 31935693    0    0 151552    16 1659 1371  2  1 97  1  0  0
 0  1      0   5888      0 31934630    0    0 149248     0 1648 1231  2  1 97  1  0  0
 1  0      0   6912      0 31933565    0    0 149760     0 1558 1158  2  1 97  1  0  0
 1  0      0   2304      0 31938257    0    0 147456     0 1587 1190  2  1 97  1  0  0
 1  0      0   4352      0 31936012    0    0 147456     0 1595 1256  2  1 97  1  0  0
procs -----------memory---------- ---swap-- -----io---- -system-- -------cpu-------
 r  b   swpd   free   buff  cache   si   so    bi    bo   in   cs us sy id wa st gu
 1  0      0   3584      0 31936958    0    0 151552   124 1631 1240  2  1 97  1  0  0
 1  0      0   3584      0 31936893    0    0 148480     0 1629 1295  2  1 97  1  0  0
 0  1      0   3840      0 31936714    0    0 150272     0 1610 1257  2  1 97  1  0  0
 1  0      0   4864      0 31935706    0    0 147712     0 1683 1331  2  1 97  1  0  0
 0  2      0   4352      0 31936058    0    0 147456 26624 1664 1213  2  1 97  1  0  0
 1  1      0   5888      0 31934679    0    0 63488 352300 2934 1439  1  1 97  1  0  0
 2  0      0   3584      0 31936946    0    0 63488 352260 2914 1377  1  1 97  1  0  0
 2  0      0   6144      0 31934410    0    0 109056 149504 2200 1337  2  1 97  1  0  0
 1  0      0   2304      0 31938265    0    0 151552     0 1719 1548  2  1 97  1  0  0
 1  0      0   1024      0 31939483    0    0 149760     0 1590 1170  2  1 97  1  0  0
 0  1      0   4608      0 31936037    0    0 151808   104 1611 1219  2  1 97  1  0  0
 1  0      0   2560      0 31938034    0    0 150528     0 1624 1286  2  1 97  1  0  0
 2  0      0   4608      0 31935926    0    0 114688 145432 2194 1396  2  1 97  1  0  0
 1  1      0   5120      0 31935354    0    0 61440 352256 2938 1336  1  1 97  1  0  0
 1  1      0   3072      0 31937599    0    0 61440 352256 2886 1399  1  1 97  1  0  0
 1  1      0   6912      0 31934183    0    0 63488 344064 2973 1630  1  1 97  1  0  0
 2  1      0   3584      0 31937428    0    0 61440 352256 2860 1332  1  1 97  1  0  0
 0  2      0   6912      0 31934024    0    0 65536 346252 2896 1371  1  1 97  1  0  0
 1  1      0   4352      0 31936719    0    0 59392 358400 2973 1396  1  1 97  1  0  0
 1  1      0    512      0 31940601    0    0 61440 352256 2932 1397  1  1 97  1  0  0
 1  1      0   7424      0 31933481    0    0 62464 352332 3117 1542  1  1 97  1  0  0
procs -----------memory---------- ---swap-- -----io---- -system-- -------cpu-------
 r  b   swpd   free   buff  cache   si   so    bi    bo   in   cs us sy id wa st gu
 0  2      0   5120      0 31935742    0    0 58880 360448 2892 1298  1  1 97  1  0  0
 0  2      0   4096      0 31936981    0    0 62464 352336 2857 1361  1  1 97  1  0  0
 0  2      0   3328      0 31937656    0    0 65536 344064 2919 1598  1  1 97  1  0  0
 1  1      0   2560      0 31938398    0    0 65536 351140 2901 1360  1  1 97  1  0  0
 1  0      0   2304      0 31938675    0    0 111104 142652 2172 1344  2  1 97  1  0  0
 1  0      0   6912      0 31933943    0    0 151552     0 1560 1175  2  1 97  1  0  0
 1  0      0    256      0 31940595    0    0 147456     0 1584 1243  2  1 97  1  0  0
 1  0      0   5888      0 31934754    0    0 151552     0 1600 1231  2  1 97  1  0  0
 1  0      0   4352      0 31936274    0    0 149504     0 1624 1287  2  1 97  1  0  0
 0  2      0    512      0 31940143    0    0 102400 194592 2324 1320  2  1 95  2  0  0
 1  1      0   5120      0 31935678    0    0 63488 344064 3070 1696  1  1 94  4  0  0
 1  1      0   2816      0 31937933    0    0 61440 352256 3007 1355  1  1 94  4  0  0
 0  1      0   1024      0 31939783    0    0 90112 243712 2568 1336  1  1 95  3  0  0
 1  0      0    512      0 31940151    0    0 148480     0 1600 1279  2  1 97  1  0  0
 1  0      0   6912      0 31933879    0    0 150528    72 1725 1451  2  1 97  1  0  0
 1  0      0   3840      0 31936808    0    0 151552    60 1597 1194  2  1 97  1  0  0
 1  0      0   7680      0 31933132    0    0 151552    76 1597 1192  2  1 97  1  0  0
 1  0      0   5632      0 31935111    0    0 150528     0 1615 1261  2  1 97  1  0  0
 1  0      0   5120      0 31935588    0    0 148736     8 1617 1273  2  1 97  1  0  0
 1  0      0   5376      0 31934812    0    0 149248    40 1651 1327  2  1 97  1  0  0
 1  0      0   4864      0 31935925    0    0 150528     0 1552 1181  2  1 97  1  0  0
procs -----------memory---------- ---swap-- -----io---- -system-- -------cpu-------
 r  b   swpd   free   buff  cache   si   so    bi    bo   in   cs us sy id wa st gu
 1  0      0   4864      0 31935816    0    0 150272    76 1565 1181  2  1 97  1  0  0
 1  0      0   5376      0 31935421    0    0 148224     0 1618 1291  2  1 97  1  0  0
 1  0      0   6144      0 31934573    0    0 150016     0 1540 1162  2  1 97  1  0  0
 0  1      0   2048      0 31938631    0    0 151552    40 1650 1304  2  1 97  1  0  0
 0  1      0   1024      0 31939745    0    0 149504     0 1593 1188  2  1 97  1  0  0
 1  0      0   1792      0 31938581    0    0 150016    20 1638 1342  2  1 97  1  0  0
 1  0      0   2560      0 31937744    0    0 147968    76 1656 1320  2  1 97  1  0  0
 1  0      0   4352      0 31936269    0    0 150528     0 1610 1220  2  1 97  1  0  0
 1  0      0   5632      0 31934950    0    0 148480    12 1609 1234  2  1 97  1  0  0
 1  0      0   2816      0 31937542    0    0 151552     0 1638 1309  2  1 97  1  0  0
 1  0      0   2560      0 31937762    0    0 150016    16 1550 1186  2  1 97  1  0  0
 0  1      0    768      0 31939632    0    0 150016     0 1595 1189  2  1 97  1  0  0
 1  0      0   3584      0 31936885    0    0 105472 172032 2231 1291  1  1 95  2  0  0
 1  0      0   4096      0 31936303    0    0 150528     0 1637 1367  2  1 97  1  0  0
 0  1      0   2816      0 31937553    0    0 150272     0 1590 1201  2  1 97  1  0  0
 1  0      0   2304      0 31938106    0    0 149760    32 1558 1180  2  1 97  1  0  0
 1  0      0   4864      0 31935470    0    0 148480    16 1576 1230  2  1 97  1  0  0
 1  0      0   4608      0 31935995    0    0 150528     0 1614 1305  2  1 97  1  0  0
 1  1      0   5120      0 31935486    0    0 72704 321544 2800 1465  1  1 94  3  0  0
 0  2      0   4352      0 31936266    0    0 62208 352256 2937 1365  1  1 94  4  0  0
 0  2      0   4096      0 31936509    0    0 61696 352324 2902 1314  1  1 94  4  0  0
procs -----------memory---------- ---swap-- -----io---- -system-- -------cpu-------
 r  b   swpd   free   buff  cache   si   so    bi    bo   in   cs us sy id wa st gu
 0  2      0   5120      0 31935463    0    0 60416 352256 2993 1445  1  1 96  1  0  0
 1  1      0   7424      0 31933170    0    0 63488 352256 2997 1395  1  1 95  3  0  0
 1  1      0    512      0 31940149    0    0 64512 356272 3013 1460  1  1 94  4  0  0
 2  0      0   4096      0 31936549    0    0 64512 356432 2928 1403  1  1 94  4  0  0
 1  1      0   2560      0 31938087    0    0 58368 360640 3003 1419  1  1 94  4  0  0
 0  2      0   5376      0 31935219    0    0 64256 351348 3074 1691  1  1 94  4  0  0
 0  2      0   5120      0 31935461    0    0 61696 360112 3112 1533  1  1 94  4  0  0
 0  2      0   6656      0 31933916    0    0 63488 361692 3014 1458  1  1 94  4  0  0
 2  0      0      0      0 31940532    0    0 64512 352256 3004 1515  1  1 94  4  0  0
 1  0      0   6656      0 31934097    0    0 116224 133204 2067 1294  2  1 96  2  0  0
 1  0      0   4608      0 31936077    0    0 150016     0 1609 1251  2  1 97  1  0  0
 1  0      0   3072      0 31937608    0    0 151552     0 1571 1224  2  1 97  1  0  0
 0  1      0   1024      0 31939695    0    0 151040     0 1680 1399  2  1 97  1  0  0
 1  0      0   3584      0 31937283    0    0 147968     0 1601 1220  2  1 97  1  0  0
 0  2      0   2560      0 31938077    0    0 104448 199276 2363 1345  1  1 97  1  0  0
 1  1      0   1024      0 31939676    0    0 58368 372228 3207 1548  1  1 97  1  0  0
 0  2      0   3584      0 31937048    0    0 56064 366472 3110 1479  1  1 97  1  0  0
 0  1      0   6144      0 31934490    0    0 109824 145608 2217 1289  2  1 97  1  0  0
 1  0      0      0      0 31940685    0    0 149504     0 1543 1176  2  1 97  1  0  0
 1  0      0   6144      0 31934450    0    0 150528    60 1548 1194  2  1 97  1  0  0
 0  1      0    512      0 31940199    0    0 148992     0 1612 1290  2  1 97  1  0  0
procs -----------memory---------- ---swap-- -----io---- -system-- -------cpu-------
 r  b   swpd   free   buff  cache   si   so    bi    bo   in   cs us sy id wa st gu
 1  0      0   7168      0 31933468    0    0 150016     0 1588 1189  2  1 97  1  0  0
 1  0      0   4608      0 31936049    0    0 150528     0 1625 1289  2  1 97  1  0  0
 0  1      0   5376      0 31935525    0    0 150272     0 1600 1212  2  1 97  1  0  0
 1  0      0   3584      0 31937157    0    0 149760    80 1652 1319  2  1 97  1  0  0
 0  1      0   7424      0 31933512    0    0 148480     0 1680 1406  2  1 97  1  0  0
 1  0      0   3840      0 31937128    0    0 151552     0 1614 1233  2  1 97  1  0  0
 1  0      0   3584      0 31937376    0    0 148992     0 1571 1227  2  1 97  1  0  0
 0  1      0      0      0 31940807    0    0 147712     0 1573 1273  2  1 97  1  0  0
 1  0      0   1024      0 31939717    0    0 150272   100 1590 1229  2  1 97  1  0  0
 0  1      0   5376      0 31935603    0    0 147968     0 1567 1181  2  1 97  1  0  0
 0  1      0   4864      0 31936173    0    0 149504     0 1585 1184  2  1 97  1  0  0
 1  0      0   4096      0 31936798    0    0 149504     4 1731 1524  2  1 97  1  0  0
 1  0      0   2560      0 31938400    0    0 151296     0 1585 1229  2  1 97  1  0  0
 0  1      0   1792      0 31939225    0    0 149760    44 1564 1187  2  1 97  1  0  0
 1  0      0    768      0 31940364    0    0 149504     0 1584 1230  2  1 97  1  0  0
 0  1      0   6144      0 31934708    0    0 151296     0 1607 1261  2  1 97  1  0  0
 1  0      0   5376      0 31935342    0    0 148992     0 1567 1168  2  1 97  1  0  0
 1  0      0   3840      0 31936975    0    0 150272    80 1582 1182  2  1 97  1  0  0
 1  0      0   7424      0 31933460    0    0 151552    24 1656 1304  2  1 97  1  0  0
 3  0      0   4096      0 31936632    0    0 151552     0 1628 1286  2  1 97  1  0  0
 1  0      0   2048      0 31938820    0    0 150528     0 1564 1162  2  1 97  1  0  0
procs -----------memory---------- ---swap-- -----io---- -system-- -------cpu-------
 r  b   swpd   free   buff  cache   si   so    bi    bo   in   cs us sy id wa st gu
 1  0      0   4608      0 31936282    0    0 152576     0 1596 1251  2  1 97  1  0  0
 1  1      0   6400      0 31933963    0    0 67072 355336 3077 1437  1  1 97  1  0  0
 0  2      0   4608      0 31935762    0    0 58368 369736 3092 1400  1  1 97  1  0  0
 0  1      0   2816      0 31937331    0    0 69888 331820 2900 1387  1  1 97  1  0  0
 1  0      0   1792      0 31938750    0    0 149760    76 1591 1195  2  1 97  1  0  0
 0  1      0   4352      0 31936204    0    0 152576     0 1604 1200  2  1 97  1  0  0
 0  1      0   2048      0 31938401    0    0 150272     0 1607 1271  2  1 97  1  0  0
 1  0      0   1792      0 31938924    0    0 149760    44 1538 1161  2  1 97  1  0  0
 1  0      0    512      0 31940120    0    0 150016     0 1587 1151  2  1 97  1  0  0
 1  1      0   3328      0 31937280    0    0 82432 290448 2741 1351  1  1 94  3  0  0
 1  1      0   4352      0 31936128    0    0 61440 360820 3084 1528  1  1 94  4  0  0
 0  2      0   4608      0 31935995    0    0 60928 358712 3005 1380  1  1 94  4  0  0
 1  1      0   3072      0 31937361    0    0 61952 353092 2978 1432  1  1 94  4  0  0
 1  1      0   3840      0 31936744    0    0 61440 359688 3030 1327  1  1 94  3  0  0
 1  1      0   1536      0 31939071    0    0 62464 354036 2987 1420  1  1 94  4  0  0
 1  1      0   2816      0 31937779    0    0 64512 344064 2954 1381  1  1 94  4  0  0
 1  1      0   6656      0 31933883    0    0 67328 352256 2939 1364  1  1 94  4  0  0
 2  0      0   4864      0 31935710    0    0 65792 344148 2950 1347  1  1 94  4  0  0
 0  2      0    512      0 31940114    0    0 63488 352256 2970 1433  1  1 94  4  0  0
 0  2      0   5376      0 31935420    0    0 62976 352256 2962 1327  1  1 94  4  0  0
 2  0      0   1536      0 31939583    0    0 58880 360448 3046 1433  1  1 94  4  0  0
procs -----------memory---------- ---swap-- -----io---- -system-- -------cpu-------
 r  b   swpd   free   buff  cache   si   so    bi    bo   in   cs us sy id wa st gu
 1  0      0   1536      0 31939454    0    0 96256 204800 2444 1384  2  1 95  2  0  0
 1  0      0   7168      0 31933804    0    0 150528   296 1690 1346  2  1 97  1  0  0
 1  0      0   5120      0 31935995    0    0 150272     0 1697 1603  2  1 97  1  0  0
 0  1      0   1024      0 31940147    0    0 151552     0 1558 1164  2  1 97  1  0  0
 1  0      0   7424      0 31933589    0    0 149760     0 1587 1209  2  1 97  1  0  0
 1  0      0   4608      0 31936368    0    0 151296     0 1614 1276  2  1 97  1  0  0
 1  1      0    768      0 31940297    0    0 70912 319520 2873 1457  1  1 97  1  0  0
 1  2      0   3072      0 31938088    0    0 60416 352256 2978 1407  1  1 97  1  0  0
 1  1      0   4608      0 31936451    0    0 64000 344064 2911 1310  1  1 97  1  0  0
 1  0      0   6656      0 31934531    0    0 102912 176128 2298 1404  2  1 97  1  0  0
 1  0      0   5120      0 31936268    0    0 149504     0 1672 1350  2  1 97  1  0  0
 1  0      0   2816      0 31938641    0    0 151552   112 1561 1187  2  1 97  1  0  0
 0  1      0    512      0 31940783    0    0 150528     0 1561 1207  2  1 97  1  0  0
 1  0      0      0      0 31941181    0    0 148992     0 1601 1266  2  1 97  1  0  0
 1  0      0   6144      0 31934452    0    0 150528     0 1621 1245  2  1 97  1  0  0
 1  0      0   6656      0 31934466    0    0 149248     0 1620 1273  2  1 97  1  0  0
 0  1      0   2048      0 31939131    0    0 152064    16 1517 1164  2  1 97  1  0  0
 1  0      0      0      0 31940956    0    0 149760     0 1641 1370  2  1 97  1  0  0
 1  0      0    768      0 31940315    0    0 149504     0 1522 1141  2  1 97  1  0  0
 1  0      0   1792      0 31939111    0    0 149504     8 1582 1206  2  1 97  1  0  0
 1  0      0   7424      0 31933420    0    0 150272     0 1522 1163  2  1 97  1  0  0
procs -----------memory---------- ---swap-- -----io---- -system-- -------cpu-------
 r  b   swpd   free   buff  cache   si   so    bi    bo   in   cs us sy id wa st gu
 1  0      0   7680      0 31933245    0    0 148736    44 1588 1325  2  1 97  1  0  0
 1  0      0   5376      0 31935523    0    0 151552     0 1640 1316  2  1 97  1  0  0
 0  1      0   3328      0 31937511    0    0 150528     0 1535 1145  2  1 97  1  0  0
 1  0      0   6400      0 31934413    0    0 148224     0 1535 1180  2  1 97  1  0  0
 1  0      0    768      0 31940114    0    0 147712     0 1746 1426  2  1 97  1  0  0
 1  0      0   5376      0 31935464    0    0 151552    16 1645 1304  2  1 97  1  0  0
 1  0      0   2816      0 31938054    0    0 151040     0 1567 1177  2  1 97  1  0  0
 0  1      0   1536      0 31939370    0    0 149760     0 1525 1142  2  1 97  1  0  0
 1  0      0   1280      0 31939644    0    0 149760     0 1810 1588  2  1 97  1  0  0
 1  0      0   7168      0 31933927    0    0 150272     0 1571 1173  2  1 97  1  0  0
 1  0      0      0      0 31940648    0    0 148736    20 1593 1224  2  1 97  1  0  0
 1  0      0   1024      0 31939741    0    0 149504     0 1537 1181  2  1 97  1  0  0
 1  0      0   1792      0 31938832    0    0 153088     0 1609 1265  2  1 97  1  0  0
 1  0      0    256      0 31940142    0    0 150016     0 1681 1262  2  1 97  1  0  0
 1  1      0   1792      0 31938811    0    0 79872 290820 2662 1329  1  1 94  3  0  0
 1  1      0   7424      0 31933313    0    0 61440 352320 2914 1350  1  1 94  4  0  0
 1  1      0   5632      0 31935100    0    0 62720 352336 3016 1518  1  1 94  4  0  0
 1  0      0   7168      0 31933511    0    0 142080 36864 1744 1183  2  1 96  1  0  0
 0  1      0   6400      0 31934550    0    0 149504     0 1595 1283  2  1 97  1  0  0
 1  0      0   1792      0 31938750    0    0 151564    56 1941 1852  2  1 97  1  0  0
 1  0      0   5632      0 31935458    0    0 147456    60 1614 1291  2  1 97  1  0  0
procs -----------memory---------- ---swap-- -----io---- -system-- -------cpu-------
 r  b   swpd   free   buff  cache   si   so    bi    bo   in   cs us sy id wa st gu
 1  0      0   6400      0 31934518    0    0 149504     0 1627 1322  2  1 97  1  0  0
 0  2      0   4096      0 31936951    0    0 93184 233472 2441 1290  1  1 95  2  0  0
 1  1      0   2304      0 31938949    0    0 62464 344064 2933 1533  1  1 95  2  0  0
 2  0      0   1024      0 31940281    0    0 61440 352472 3040 1556  1  1 97  1  0  0
 0  2      0   3584      0 31937530    0    0 60160 360448 2958 1427  1  1 97  1  0  0
 1  1      0   2304      0 31939029    0    0 62720 352256 2937 1375  1  1 97  1  0  0
 1  1      0   2304      0 31938960    0    0 61440 360448 3014 1422  1  1 97  1  0  0
 0  2      0   2816      0 31938442    0    0 60928 352256 3030 1575  1  1 95  3  0  0
 1  1      0   4352      0 31936940    0    0 59904 352480 2964 1470  1  1 94  4  0  0
 1  1      0   2560      0 31938548    0    0 59392 352256 2959 1344  1  1 94  4  0  0
 1  2      0   6400      0 31934916    0    0 58880 352256 3054 1525  1  1 94  4  0  0
 1  1      0   2048      0 31939174    0    0 59904 344064 2930 1443  1  1 94  4  0  0
 0  2      0   3072      0 31938136    0    0 61440 344064 2878 1366  1  1 94  4  0  0
 1  0      0   5120      0 31935618    0    0 70656 315492 2810 1372  1  1 94  3  0  0
 1  0      0   4608      0 31936231    0    0 148736     0 1539 1169  2  1 97  1  0  0
 1  0      0   2816      0 31938358    0    0 149248   224 1651 1336  2  1 97  1  0  0
 1  0      0      0      0 31941088    0    0 150272     0 1552 1171  2  1 97  1  0  0
 1  0      0   6144      0 31934529    0    0 149248     0 1644 1407  2  1 97  1  0  0
 1  0      0   5632      0 31935553    0    0 151040   160 1568 1233  2  1 97  1  0  0
 0  2      0   5120      0 31936093    0    0 81920 280968 2749 1491  1  1 97  1  0  0
 1  1      0   3584      0 31937647    0    0 61440 353912 3116 1774  1  1 97  1  0  0
procs -----------memory---------- ---swap-- -----io---- -system-- -------cpu-------
 r  b   swpd   free   buff  cache   si   so    bi    bo   in   cs us sy id wa st gu
 1  1      0   2308      0 31938797    0    0 65536 352256 3058 1487  1  1 97  1  0  0
 1  0      0   5888      0 31934993    0    0 110080 150528 2185 1271  1  1 97  1  0  0
 1  0      0   1280      0 31939736    0    0 147968    68 1584 1291  2  1 97  1  0  0
 1  0      0   7168      0 31933838    0    0 151040     0 1538 1179  2  1 97  1  0  0
 1  0      0   6400      0 31934515    0    0 149504     0 1629 1295  2  1 97  1  0  0
 1  0      0   4352      0 31936614    0    0 150016     0 1589 1292  2  1 97  1  0  0
 1  0      0   1536      0 31939025    0    0 152064     8 1651 1396  2  1 97  1  0  0
 1  0      0    768      0 31940447    0    0 150016    88 1553 1221  2  1 97  1  0  0
 1  0      0      0      0 31941038    0    0 150016     0 1562 1224  2  1 97  1  0  0
 1  0      0      0      0 31941099    0    0 150016     0 1595 1261  2  1 97  1  0  0
 0  1      0   5632      0 31935516    0    0 147456     0 1584 1239  2  1 97  1  0  0
 0  1      0   5120      0 31936122    0    0 149248     0 1682 1371  2  1 97  1  0  0
 1  0      0   5376      0 31935657    0    0 149760    28 1582 1185  2  1 97  1  0  0
 1  0      0   4352      0 31936886    0    0 150016     0 1564 1192  2  1 97  1  0  0
 0  1      0   2048      0 31939215    0    0 146432     0 1620 1253  2  1 97  1  0  0
 1  0      0   2048      0 31939102    0    0 150016    96 1639 1271  2  1 97  1  0  0
 0  1      0   4608      0 31936571    0    0 148224     0 1585 1209  2  1 97  1  0  0
 1  0      0   6656      0 31934553    0    0 149248    76 1580 1195  2  1 97  1  0  0
 1  0      0   1536      0 31939867    0    0 148992     0 1633 1330  2  1 97  1  0  0
 1  0      0   2304      0 31938923    0    0 148480     0 1638 1314  2  1 97  1  0  0
 1  0      0   6400      0 31934960    0    0 151552     0 1581 1187  2  1 97  1  0  0
procs -----------memory---------- ---swap-- -----io---- -system-- -------cpu-------
 r  b   swpd   free   buff  cache   si   so    bi    bo   in   cs us sy id wa st gu
 1  0      0   2304      0 31939044    0    0 151552     0 1615 1223  2  1 97  1  0  0
 1  0      0   6144      0 31935086    0    0 109568 172048 2323 1419  1  1 97  1  0  0
 1  0      0   5632      0 31935672    0    0 150528     0 1561 1199  2  1 97  1  0  0
 1  0      0   5120      0 31936288    0    0 149248     0 1541 1173  2  1 97  1  0  0
 1  0      0   3328      0 31937908    0    0 150784     0 1550 1223  2  1 97  1  0  0
 0  1      0   1792      0 31939625    0    0 151552     0 1639 1351  2  1 97  1  0  0
 2  1      0   2816      0 31938605    0    0 137216 58236 1773 1225  2  1 97  1  0  0
 1  1      0   2304      0 31939216    0    0 57344 364740 3058 1370  1  1 97  1  0  0
 1  1      0   6400      0 31935078    0    0 59392 358176 2978 1328  1  1 97  1  0  0
 0  2      0   4864      0 31936660    0    0 58368 359752 3036 1418  1  1 97  1  0  0
 1  1      0   2560      0 31938835    0    0 62464 367672 3116 1392  1  1 97  1  0  0
 2  0      0   2048      0 31939368    0    0 65536 358248 2998 1480  1  1 97  1  0  0
 1  1      0   2048      0 31939380    0    0 57856 373144 3129 1460  1  1 97  1  0  0
 1  1      0   7424      0 31934039    0    0 58880 377088 3152 1442  1  1 97  1  0  0
 0  2      0   5632      0 31935745    0    0 57856 370092 3087 1417  1  1 97  1  0  0
 1  1      0   1536      0 31939866    0    0 60928 363764 3023 1428  1  1 97  1  0  0
 1  1      0   6144      0 31935233    0    0 57344 363328 3019 1353  1  1 97  1  0  0
 1  1      0   1024      0 31940416    0    0 61440 360952 3053 1471  1  1 97  1  0  0
 1  0      0    512      0 31940974    0    0 77312 295684 2740 1314  1  1 97  1  0  0
 0  1      0   4608      0 31936276    0    0 151040     0 1589 1217  2  1 97  1  0  0
 0  1      0    768      0 31940304    0    0 151552     0 1583 1194  2  1 97  1  0  0
procs -----------memory---------- ---swap-- -----io---- -system-- -------cpu-------
 r  b   swpd   free   buff  cache   si   so    bi    bo   in   cs us sy id wa st gu
 0  1      0   1024      0 31939443    0    0 148992    60 1632 1353  2  1 97  1  0  0
 1  0      0    256      0 31940832    0    0 150016     0 1545 1174  2  1 97  1  0  0
 0  1      0   6400      0 31934632    0    0 150528     0 1540 1142  2  1 97  1  0  0
 1  1      0   6144      0 31934959    0    0 83968 277356 2662 1554  1  1 97  1  0  0
 2  0      0    768      0 31940326    0    0 60928 354452 3015 1435  1  1 97  1  0  0
 1  1      0   3584      0 31937431    0    0 59136 360552 2943 1307  1  1 97  1  0  0
 1  0      0   6656      0 31934532    0    0 125696 98304 1999 1285  2  1 97  1  0  0
 1  0      0   1792      0 31939199    0    0 147456     0 1493 1121  2  1 97  1  0  0
 1  0      0   6144      0 31934728    0    0 151552     0 1587 1261  2  1 97  1  0  0
 1  0      0   2048      0 31938883    0    0 151552     0 1558 1157  2  1 97  1  0  0
 1  0      0    512      0 31940618    0    0 150016    44 1537 1137  2  1 97  1  0  0
 0  1      0   6656      0 31934232    0    0 150016     0 1556 1162  2  1 97  1  0  0
 1  0      0   3072      0 31937871    0    0 150784     0 1668 1368  2  1 97  1  0  0
 1  0      0   6400      0 31934502    0    0 151808     0 1568 1191  2  1 97  1  0  0
 1  0      0   6656      0 31934505    0    0 150016     0 1663 1281  2  1 97  1  0  0
 1  0      0   2816      0 31937842    0    0 151552    48 1597 1183  2  1 97  1  0  0
 1  0      0   1536      0 31939181    0    0 149504     8 1674 1310  2  1 97  1  0  0
 1  0      0   5376      0 31935274    0    0 151552     0 1691 1566  2  1 97  1  0  0
 1  0      0   6400      0 31933717    0    0 152576     0 1571 1169  2  1 97  1  0  0
 0  1      0   3840      0 31936820    0    0 151296     0 1572 1203  2  1 97  1  0  0
 1  0      0   2816      0 31937864    0    0 149760    28 1613 1271  2  1 97  1  0  0
procs -----------memory---------- ---swap-- -----io---- -system-- -------cpu-------
 r  b   swpd   free   buff  cache   si   so    bi    bo   in   cs us sy id wa st gu
 1  0      0   3072      0 31937858    0    0 149504     0 1594 1158  2  1 97  1  0  0
 1  0      0   1792      0 31937855    0    0 149504     0 1569 1149  2  1 97  1  0  0
 1  0      0   4864      0 31935797    0    0 152064     0 1557 1188  2  1 97  1  0  0
 1  0      0   3328      0 31937334    0    0 151040     0 1639 1322  2  1 97  1  0  0
 1  0      0   1792      0 31939068    0    0 150016    32 1569 1193  2  1 97  1  0  0
 1  0      0   6144      0 31934540    0    0 151040     0 1597 1220  2  1 97  1  0  0
 1  0      0   1536      0 31939230    0    0 152064     0 1575 1191  2  1 97  1  0  0
 0  1      0    256      0 31940538    0    0 150016     0 1653 1291  2  1 97  1  0  0
 1  0      0   5888      0 31934747    0    0 150528     0 1595 1205  2  1 97  1  0  0
 1  0      0   2816      0 31937850    0    0 151552    16 1623 1170  2  1 97  1  0  0
 1  1      0   6144      0 31934624    0    0 132096 65536 1765 1204  2  1 96  1  0  0
 1  1      0    772      0 31939927    0    0 56320 352260 2944 1373  1  1 94  4  0  0
 1  1      0   3328      0 31937520    0    0 60416 352260 2966 1342  1  1 94  4  0  0
 1  0      0   2816      0 31938136    0    0 77824 286720 2804 1444  1  1 94  3  0  0
 1  0      0   2048      0 31938873    0    0 149248   108 1578 1168  2  1 97  1  0  0
 1  0      0   7168      0 31933317    0    0 150784     0 1832 1546  2  1 97  1  0  0
 0  1      0    256      0 31939978    0    0 148480     0 1765 1256  2  1 97  1  0  0
 0  1      0   3072      0 31937324    0    0 152576     0 1683 1329  2  1 97  1  0  0
 1  1      0   1280      0 31938619    0    0 150528  8196 1622 1216  2  1 97  1  0  0
 2  1      0   4352      0 31935912    0    0 63488 344092 3088 1618  1  1 97  1  0  0
 2  1      0    512      0 31939716    0    0 58368 360448 2998 1311  1  1 97  1  0  0
procs -----------memory---------- ---swap-- -----io---- -system-- -------cpu-------
 r  b   swpd   free   buff  cache   si   so    bi    bo   in   cs us sy id wa st gu
 1  1      0   2048      0 31938347    0    0 65536 335872 2886 1387  1  1 97  1  0  0
 0  2      0   5916      0 31934324    0    0 59392 360448 2974 1398  1  1 97  1  0  0
 1  1      0   3840      0 31936621    0    0 62464 352256 3228 1796  1  1 97  1  0  0
 1  1      0   5632      0 31934748    0    0 60416 360608 2918 1336  1  1 97  1  0  0
 1  1      0   2048      0 31938529    0    0 59392 360448 2972 1375  1  1 97  1  0  0
 0  2      0   6656      0 31933300    0    0 58112 352256 3289 2081  1  1 97  1  0  0
 1  1      0   3840      0 31936140    0    0 63744 344064 3293 1906  1  1 97  1  0  0
 1  1      0   6144      0 31933807    0    0 59392 360448 3082 1434  1  1 97  1  0  0
 1  1      0    256      0 31939633    0    0 60416 344164 2868 1350  1  1 97  1  0  0
 0  2      0   3840      0 31936188    0    0 64512 352256 2971 1398  1  1 97  1  0  0
 1  0      0    768      0 31939134    0    0 111616 135244 2200 1323  2  1 97  1  0  0
 0  1      0   1280      0 31938731    0    0 150016     0 1709 1477  2  1 97  1  0  0
 1  0      0   2048      0 31937077    0    0 148992     0 1599 1170  2  1 97  1  0  0
 1  0      0   7424      0 31932173    0    0 150528   164 1641 1298  2  1 97  1  0  0
 1  0      0   6400      0 31933103    0    0 149504     0 1699 1428  2  1 97  1  0  0
 1  1      0   4352      0 31935029    0    0 135168 53248 1764 1221  2  1 97  1  0  0
 1  1      0   4864      0 31934716    0    0 57344 360448 2957 1338  1  1 97  1  0  0
 0  2      0   4608      0 31934839    0    0 57856 360448 3049 1414  1  1 97  1  0  0
 0  2      0   5376      0 31934205    0    0 60672 358456 2999 1440  1  1 97  1  0  0
 1  0      0   4096      0 31935387    0    0 150784     0 1605 1187  2  1 97  1  0  0
 1  0      0   2048      0 31937417    0    0 150528     0 1612 1284  2  1 97  1  0  0
procs -----------memory---------- ---swap-- -----io---- -system-- -------cpu-------
 r  b   swpd   free   buff  cache   si   so    bi    bo   in   cs us sy id wa st gu
 1  0      0   3328      0 31936294    0    0 148480     0 1576 1265  2  1 97  1  0  0
 0  1      0   3328      0 31936585    0    0 150528     0 1644 1293  2  1 97  1  0  0
 1  0      0   3584      0 31936057    0    0 148480    88 1554 1177  2  1 97  1  0  0
 1  0      0   2816      0 31936994    0    0 150528     0 1576 1212  2  1 97  1  0  0
 1  0      0   3840      0 31935889    0    0 148480     0 1524 1139  2  1 97  1  0  0
 1  0      0   5888      0 31933728    0    0 151552     0 1628 1298  2  1 97  1  0  0
 1  0      0   3584      0 31936270    0    0 151552     0 1584 1192  2  1 97  1  0  0
 1  0      0   4608      0 31935176    0    0 149504    16 1550 1158  2  1 97  1  0  0
 1  0      0   5120      0 31934617    0    0 149504     8 1563 1167  2  1 97  1  0  0
 1  0      0   5376      0 31934356    0    0 148480     0 1592 1258  2  1 97  1  0  0
 1  0      0   6912      0 31932869    0    0 149504     0 1887 1762  2  1 97  1  0  0
 1  0      0   2048      0 31937586    0    0 148480     0 1791 1444  2  1 97  1  0  0
 1  0      0   3584      0 31936026    0    0 148480    44 1715 1309  2  1 97  1  0  0
 0  1      0   5376      0 31934385    0    0 149248     0 1669 1359  2  1 97  1  0  0
 1  0      0      0      0 31939698    0    0 148736     0 1723 1607  2  1 97  1  0  0
 1  0      0   4864      0 31935112    0    0 147456     0 1774 1453  2  1 97  1  0  0
 1  1      0   3328      0 31936659    0    0 150528    16 1968 1764  2  1 97  1  0  0
 1  0      0   1024      0 31939147    0    0 150528     0 1789 1359  2  1 97  1  0  0
 0  1      0   3328      0 31936629    0    0 149248     0 1676 1261  2  1 97  1  0  0
 1  0      0   5888      0 31934113    0    0 147712     0 1578 1178  2  1 97  1  0  0
 0  1      0    768      0 31939330    0    0 148224     0 1654 1328  2  1 97  1  0  0
procs -----------memory---------- ---swap-- -----io---- -system-- -------cpu-------
 r  b   swpd   free   buff  cache   si   so    bi    bo   in   cs us sy id wa st gu
 1  0      0    256      0 31939888    0    0 150784    16 1733 1332  2  1 97  1  0  0
 0  1      0      0      0 31940401    0    0 150528     0 1613 1207  2  1 97  1  0  0
 0  2      0    768      0 31939642    0    0 103168 190472 2308 1373  1  1 97  1  0  0
 0  2      0   3328      0 31936802    0    0 59648 352260 2955 1375  1  1 97  1  0  0
 1  0      0   5120      0 31935212    0    0 63488 337920 2985 1430  1  1 97  1  0  0
 1  0      0   3072      0 31937364    0    0 147456   176 1639 1262  2  1 97  1  0  0
 1  0      0   6144      0 31934228    0    0 147968     0 1565 1170  2  1 97  1  0  0
 2  0      0      0      0 31940486    0    0 149504     8 1675 1341  2  1 97  1  0  0
 1  0      0   2304      0 31938108    0    0 148992     0 1613 1203  2  1 97  1  0  0
 1  0      0      0      0 31940444    0    0 147456    28 1661 1383  2  1 97  1  0  0
 0  2      0    768      0 31939684    0    0 71424 309312 2739 1328  1  1 97  1  0  0
 1  1      0   6144      0 31934203    0    0 63744 351844 3028 1635  1  1 97  1  0  0
 0  2      0   2560      0 31937939    0    0 61952 358704 2981 1489  1  1 97  1  0  0
 1  1      0   2304      0 31938405    0    0 61952 362676 3067 1454  1  1 97  1  0  0
 2  1      0   3840      0 31936878    0    0 64512 350656 2984 1494  1  1 97  1  0  0
 1  1      0   3072      0 31937627    0    0 61440 362148 3065 1610  1  1 97  1  0  0
 0  2      0   5888      0 31934725    0    0 65024 356792 3002 1409  1  1 97  1  0  0
 0  2      0   5888      0 31934805    0    0 65024 355912 3009 1464  1  1 97  1  0  0
 1  1      0   6656      0 31934063    0    0 64000 360448 2964 1390  1  1 97  1  0  0
 1  1      0   4864      0 31935822    0    0 63488 357772 3112 1610  1  1 97  1  0  0
 1  1      0    256      0 31940251    0    0 62464 359284 3013 1439  1  1 97  1  0  0
procs -----------memory---------- ---swap-- -----io---- -system-- -------cpu-------
 r  b   swpd   free   buff  cache   si   so    bi    bo   in   cs us sy id wa st gu
 2  1      0   4352      0 31936326    0    0 64512 360156 3064 1474  1  1 97  1  0  0
 1  0      0   6912      0 31933748    0    0 90624 223476 2471 1362  1  1 97  1  0  0
 1  0      0   4608      0 31935889    0    0 147456     0 1634 1296  2  1 97  1  0  0
 1  0      0    512      0 31940108    0    0 147456    64 1634 1220  2  1 97  1  0  0
 0  1      0   2048      0 31938569    0    0 148480     0 1576 1202  2  1 97  1  0  0
 0  1      0   4864      0 31935771    0    0 148224     0 1687 1430  2  1 97  1  0  0
 0  2      0   3584      0 31936016    0    0 146688  4044 1648 1304  2  1 97  1  0  0
 1  1      0      0      0 31940655    0    0 64000 356648 2992 1544  1  1 94  4  0  0
 1  1      0   5376      0 31934941    0    0 57856 365668 3185 1772  1  1 94  3  0  0
 0  2      0   3072      0 31936512    0    0 61952 365344 3060 1422  1  1 94  3  0  0
 1  0      0    256      0 31939395    0    0 136192 54272 1853 1313  2  1 97  1  0  0
 1  0      0   2816      0 31936786    0    0 148480    76 1745 1323  2  1 97  1  0  0
 1  0      0   7424      0 31932435    0    0 147968     0 1571 1179  2  1 97  1  0  0
 0  1      0   3328      0 31936552    0    0 148480    48 1630 1232  2  1 97  1  0  0
 1  0      0   5888      0 31933875    0    0 147456     0 1630 1285  2  1 97  1  0  0
 1  0      0   3840      0 31935943    0    0 147456     0 1597 1275  2  1 97  1  0  0
 1  0      0   1024      0 31938945    0    0 147456     0 1640 1287  2  1 97  1  0  0
 1  0      0   4608      0 31935225    0    0 147456     0 1574 1200  2  1 97  1  0  0
 1  0      0      0      0 31939986    0    0 147968    76 1696 1395  2  1 97  1  0  0
 0  1      0   4608      0 31935387    0    0 147712     0 1583 1214  2  1 97  1  0  0
 1  0      0   1792      0 31938071    0    0 147200     4 1595 1184  2  1 97  1  0  0
procs -----------memory---------- ---swap-- -----io---- -system-- -------cpu-------
 r  b   swpd   free   buff  cache   si   so    bi    bo   in   cs us sy id wa st gu
 1  0      0   2816      0 31936938    0    0 149504     0 1580 1201  2  1 97  1  0  0
 1  0      0   4864      0 31935024    0    0 148992    80 1674 1288  2  1 97  1  0  0
 1  0      0   1792      0 31938047    0    0 147456    28 1604 1204  2  1 97  1  0  0
 1  0      0   5632      0 31934295    0    0 147456     0 1560 1161  2  1 97  1  0  0
 0  1      0   5888      0 31934236    0    0 149504     0 1559 1136  2  1 97  1  0  0
 0  1      0   1792      0 31938282    0    0 151552     0 1653 1285  2  1 97  1  0  0
 1  0      0    768      0 31939273    0    0 149504     0 1579 1158  2  1 97  1  0  0
 1  0      0   5632      0 31934477    0    0 151552    32 1643 1288  2  1 97  1  0  0
 1  0      0   6656      0 31933493    0    0 148480     0 1573 1146  2  1 97  1  0  0
 1  0      0      0      0 31940029    0    0 149504     0 1725 1439  2  1 97  1  0  0
 1  0      0    512      0 31939177    0    0 148480     0 2040 2092  2  1 97  1  0  0
 0  1      0    512      0 31939855    0    0 150528     0 1832 1528  2  1 97  1  0  0
 1  0      0      0      0 31940452    0    0 148992    16 1747 1291  2  1 97  1  0  0
 0  1      0    768      0 31939667    0    0 149760     0 1732 1325  2  1 97  1  0  0
 3  0      0   1792      0 31938457    0    0 114432 145788 2139 1258  1  1 96  2  0  0
 2  0      0   5888      0 31934503    0    0 62976 365196 3026 1406  1  1 94  4  0  0
 0  2      0    768      0 31939605    0    0 64000 352260 2923 1429  1  1 94  4  0  0
 0  1      0   4352      0 31936090    0    0 144896 17532 1835 1497  2  1 97  1  0  0
 1  0      0   6656      0 31933943    0    0 147456     0 1613 1192  2  1 97  1  0  0
 0  1      0   1280      0 31939308    0    0 147968     0 1602 1139  2  1 97  1  0  0
 1  0      0 1349088      0 30596273    0    0 92672     0 1683 1076  1  2 97  0  0  0
